0 verbose cli D:\Program Files\nodejs\node.exe C:\Users\T470s\AppData\Roaming\npm\node_modules\npm\bin\npm-cli.js
1 info using npm@11.12.1
2 info using node@v24.12.0
3 silly config load:file:C:\Users\T470s\AppData\Roaming\npm\node_modules\npm\npmrc
4 silly config load:file:D:\mern-intern-tasks\MERN II\.npmrc
5 silly config load:file:C:\Users\T470s\.npmrc
6 silly config load:file:C:\Users\T470s\AppData\Roaming\npm\etc\npmrc
7 verbose title npm exec create-next-app@latest final
8 verbose argv "exec" "--" "create-next-app@latest" "final"
9 verbose logfile logs-max:10 dir:D:\mern-intern-tasks\MERN II\npm-cache\_logs\2026-04-05T07_43_23_348Z-
10 verbose logfile D:\mern-intern-tasks\MERN II\npm-cache\_logs\2026-04-05T07_43_23_348Z-debug-0.log
11 silly logfile done cleaning log files
12 silly packumentCache heap:2348810240 maxSize:587202560 maxEntrySize:293601280
13 http fetch GET 200 https://registry.npmjs.org/create-next-app 1787ms (cache updated)
14 silly packumentCache heap:2348810240 maxSize:587202560 maxEntrySize:293601280
15 silly packumentCache heap:2348810240 maxSize:587202560 maxEntrySize:293601280
16 verbose cwd D:\mern-intern-tasks\MERN II
17 verbose os Windows_NT 10.0.19045
18 verbose node v24.12.0
19 verbose npm  v11.12.1
20 verbose exit 0
21 info ok
