0 verbose cli D:\Program Files\nodejs\node.exe C:\Users\T470s\AppData\Roaming\npm\node_modules\npm\bin\npm-cli.js
1 info using npm@11.12.1
2 info using node@v24.12.0
3 silly config load:file:C:\Users\T470s\AppData\Roaming\npm\node_modules\npm\npmrc
4 silly config load:file:D:\mern-intern-tasks\MERN II\.npmrc
5 silly config load:file:C:\Users\T470s\.npmrc
6 silly config load:file:C:\Users\T470s\AppData\Roaming\npm\etc\npmrc
7 verbose title npm exec create-next-app@latest module8
8 verbose argv "exec" "--" "create-next-app@latest" "module8"
9 verbose logfile logs-max:10 dir:D:\mern-intern-tasks\MERN II\npm-cache\_logs\2026-04-03T19_09_25_141Z-
10 verbose logfile D:\mern-intern-tasks\MERN II\npm-cache\_logs\2026-04-03T19_09_25_141Z-debug-0.log
11 silly logfile done cleaning log files
12 silly packumentCache heap:2348810240 maxSize:587202560 maxEntrySize:293601280
13 http fetch GET 200 https://registry.npmjs.org/npm 404ms
14 http fetch GET 200 https://registry.npmjs.org/create-next-app 912ms (cache miss)
15 silly packumentCache heap:2348810240 maxSize:587202560 maxEntrySize:293601280
16 silly packumentCache heap:2348810240 maxSize:587202560 maxEntrySize:293601280
17 silly idealTree buildDeps
18 silly fetch manifest create-next-app@16.2.2
19 silly packumentCache full:https://registry.npmjs.org/create-next-app cache-miss
20 http fetch GET 200 https://registry.npmjs.org/create-next-app 739ms (cache miss)
21 silly packumentCache full:https://registry.npmjs.org/create-next-app set size:undefined disposed:false
22 silly placeDep ROOT create-next-app@16.2.2 OK for:  want: 16.2.2
23 silly reify moves {}
24 silly audit bulk request { 'create-next-app': [ '16.2.2' ] }
25 http cache create-next-app@https://registry.npmjs.org/create-next-app/-/create-next-app-16.2.2.tgz 0ms (cache hit)
26 silly tarball no local data for create-next-app@https://registry.npmjs.org/create-next-app/-/create-next-app-16.2.2.tgz. Extracting by manifest.
27 http fetch POST 200 https://registry.npmjs.org/-/npm/v1/security/advisories/bulk 310ms
28 silly audit report {}
29 http fetch GET 200 https://registry.npmjs.org/create-next-app/-/create-next-app-16.2.2.tgz 1140ms (cache miss)
30 verbose cwd D:\mern-intern-tasks\MERN II
31 verbose os Windows_NT 10.0.19045
32 verbose node v24.12.0
33 verbose npm  v11.12.1
34 verbose exit 0
35 info ok
