0 verbose cli D:\Program Files\nodejs\node.exe C:\Users\T470s\AppData\Roaming\npm\node_modules\npm\bin\npm-cli.js
1 info using npm@11.12.1
2 info using node@v24.12.0
3 silly config load:file:C:\Users\T470s\AppData\Roaming\npm\node_modules\npm\npmrc
4 silly config load:file:D:\mern-intern-tasks\MERN II\final\.npmrc
5 silly config load:file:C:\Users\T470s\.npmrc
6 silly config load:file:C:\Users\T470s\AppData\Roaming\npm\etc\npmrc
7 verbose title npm exec tailwindcss@latest init -p
8 verbose argv "exec" "--" "tailwindcss@latest" "init" "-p"
9 verbose logfile logs-max:10 dir:D:\mern-intern-tasks\MERN II\final\npm-cache\_logs\2026-04-05T07_55_07_251Z-
10 verbose logfile D:\mern-intern-tasks\MERN II\final\npm-cache\_logs\2026-04-05T07_55_07_251Z-debug-0.log
11 silly logfile done cleaning log files
12 silly packumentCache heap:2348810240 maxSize:587202560 maxEntrySize:293601280
13 http fetch GET 200 https://registry.npmjs.org/tailwindcss 765ms (cache miss)
14 verbose stack Error: could not determine executable to run
14 verbose stack     at getBinFromManifest (C:\Users\T470s\AppData\Roaming\npm\node_modules\npm\node_modules\libnpmexec\lib\get-bin-from-manifest.js:17:23)
14 verbose stack     at exec (C:\Users\T470s\AppData\Roaming\npm\node_modules\npm\node_modules\libnpmexec\lib\index.js:211:15)
14 verbose stack     at async Npm.exec (C:\Users\T470s\AppData\Roaming\npm\node_modules\npm\lib\npm.js:193:9)
14 verbose stack     at async module.exports (C:\Users\T470s\AppData\Roaming\npm\node_modules\npm\lib\cli\entry.js:67:5)
15 verbose pkgid tailwindcss@4.2.2
16 error could not determine executable to run
17 verbose cwd D:\mern-intern-tasks\MERN II\final
18 verbose os Windows_NT 10.0.19045
19 verbose node v24.12.0
20 verbose npm  v11.12.1
21 verbose exit 1
22 verbose code 1
23 error A complete log of this run can be found in: D:\mern-intern-tasks\MERN II\final\npm-cache\_logs\2026-04-05T07_55_07_251Z-debug-0.log
