0 verbose cli D:\Program Files\nodejs\node.exe C:\Users\T470s\AppData\Roaming\npm\node_modules\npm\bin\npm-cli.js
1 info using npm@11.12.1
2 info using node@v24.12.0
3 silly config load:file:C:\Users\T470s\AppData\Roaming\npm\node_modules\npm\npmrc
4 silly config load:file:d:\mern-intern-tasks\MERN II\module8+9+(final)\.npmrc
5 silly config load:file:C:\Users\T470s\.npmrc
6 silly config load:file:C:\Users\T470s\AppData\Roaming\npm\etc\npmrc
7 verbose title npm install
8 verbose argv "install" "--package-lock-only"
9 verbose logfile logs-max:10 dir:D:\mern-intern-tasks\MERN II\module8+9+(final)\npm-cache\_logs\2026-04-05T16_09_07_589Z-
10 verbose logfile D:\mern-intern-tasks\MERN II\module8+9+(final)\npm-cache\_logs\2026-04-05T16_09_07_589Z-debug-0.log
11 silly logfile start cleaning logs, removing 1 files
12 silly packumentCache heap:2348810240 maxSize:587202560 maxEntrySize:293601280
13 silly logfile done cleaning log files
14 silly idealTree buildDeps
15 http cache https://registry.npmjs.org/@tailwindcss/oxide-wasm32-wasi/-/oxide-wasm32-wasi-4.2.2.tgz 1ms (cache hit)
16 silly fetch manifest tailwindcss@^3.4.0
17 silly packumentCache full:https://registry.npmjs.org/tailwindcss cache-miss
18 http fetch GET 200 https://registry.npmjs.org/tailwindcss 411ms (cache revalidated)
19 silly packumentCache full:https://registry.npmjs.org/tailwindcss set size:10327657 disposed:false
20 verbose stack Error: could not resolve
20 verbose stack     at PlaceDep.failPeerConflict (C:\Users\T470s\AppData\Roaming\npm\node_modules\npm\node_modules\@npmcli\arborist\lib\place-dep.js:503:25)
20 verbose stack     at new PlaceDep (C:\Users\T470s\AppData\Roaming\npm\node_modules\npm\node_modules\@npmcli\arborist\lib\place-dep.js:157:21)
20 verbose stack     at #buildDepStep (C:\Users\T470s\AppData\Roaming\npm\node_modules\npm\node_modules\@npmcli\arborist\lib\arborist\build-ideal-tree.js:933:18)
20 verbose stack     at async Arborist.buildIdealTree (C:\Users\T470s\AppData\Roaming\npm\node_modules\npm\node_modules\@npmcli\arborist\lib\arborist\build-ideal-tree.js:170:7)
20 verbose stack     at async Arborist.reify (C:\Users\T470s\AppData\Roaming\npm\node_modules\npm\node_modules\@npmcli\arborist\lib\arborist\reify.js:111:5)
20 verbose stack     at async Install.exec (C:\Users\T470s\AppData\Roaming\npm\node_modules\npm\lib\commands\install.js:146:5)
20 verbose stack     at async Npm.exec (C:\Users\T470s\AppData\Roaming\npm\node_modules\npm\lib\npm.js:193:9)
20 verbose stack     at async module.exports (C:\Users\T470s\AppData\Roaming\npm\node_modules\npm\lib\cli\entry.js:67:5)
21 error code ERESOLVE
22 error ERESOLVE could not resolve
23 error
24 error While resolving: eslint-plugin-tailwindcss@3.18.2
24 error Found: tailwindcss@4.2.2
24 error node_modules/tailwindcss
24 error   dev tailwindcss@"^4.2.2" from the root project
24 error   tailwindcss@"4.2.2" from @tailwindcss/node@4.2.2
24 error   node_modules/@tailwindcss/node
24 error     @tailwindcss/node@"4.2.2" from @tailwindcss/postcss@4.2.2
24 error     node_modules/@tailwindcss/postcss
24 error       dev @tailwindcss/postcss@"^4" from the root project
24 error   1 more (@tailwindcss/postcss)
24 error
24 error Could not resolve dependency:
24 error peer tailwindcss@"^3.4.0" from eslint-plugin-tailwindcss@3.18.2
24 error node_modules/eslint-plugin-tailwindcss
24 error   dev eslint-plugin-tailwindcss@"^3.18.2" from the root project
24 error
24 error Conflicting peer dependency: tailwindcss@3.4.19
24 error node_modules/tailwindcss
24 error   peer tailwindcss@"^3.4.0" from eslint-plugin-tailwindcss@3.18.2
24 error   node_modules/eslint-plugin-tailwindcss
24 error     dev eslint-plugin-tailwindcss@"^3.18.2" from the root project
24 error
24 error Fix the upstream dependency conflict, or retry this command with --force or --legacy-peer-deps to accept an incorrect (and potentially broken) dependency resolution.
25 error
25 error
25 error For a full report see:
25 error D:\mern-intern-tasks\MERN II\module8+9+(final)\npm-cache\_logs\2026-04-05T16_09_07_589Z-eresolve-report.txt
26 silly unfinished npm timer reify 1775405349695
27 silly unfinished npm timer reify:loadTrees 1775405349696
28 silly unfinished npm timer idealTree:buildDeps 1775405350478
29 silly unfinished npm timer idealTree:node_modules/eslint-plugin-tailwindcss 1775405357694
30 verbose cwd d:\mern-intern-tasks\MERN II\module8+9+(final)
31 verbose os Windows_NT 10.0.19045
32 verbose node v24.12.0
33 verbose npm  v11.12.1
34 verbose exit 1
35 verbose code 1
36 error A complete log of this run can be found in: D:\mern-intern-tasks\MERN II\module8+9+(final)\npm-cache\_logs\2026-04-05T16_09_07_589Z-debug-0.log
