0 verbose cli D:\Program Files\nodejs\node.exe D:\Program Files\nodejs\node_modules\npm\bin\npm-cli.js
1 info using npm@11.6.2
2 info using node@v24.12.0
3 silly config load:file:D:\Program Files\nodejs\node_modules\npm\npmrc
4 silly config load:file:d:\mern-intern-tasks\MERN II\module5\.npmrc
5 silly config load:file:C:\Users\T470s\.npmrc
6 silly config load:file:C:\Users\T470s\AppData\Roaming\npm\etc\npmrc
7 verbose title npm view eslint description dist-tags.latest homepage version time
8 verbose argv "view" "--json" "--" "eslint" "description" "dist-tags.latest" "homepage" "version" "time"
9 verbose logfile logs-max:10 dir:D:\mern-intern-tasks\MERN II\module5\npm-cache\_logs\2026-04-03T16_50_18_371Z-
10 verbose logfile D:\mern-intern-tasks\MERN II\module5\npm-cache\_logs\2026-04-03T16_50_18_371Z-debug-0.log
11 silly logfile done cleaning log files
12 http fetch GET 200 https://registry.npmjs.org/npm 1355ms
13 http fetch GET 200 https://registry.npmjs.org/eslint 1312ms (cache miss)
14 verbose cwd d:\mern-intern-tasks\MERN II\module5
15 verbose os Windows_NT 10.0.19045
16 verbose node v24.12.0
17 verbose npm  v11.6.2
18 notice
18 notice New minor version of npm available! 11.6.2 -> 11.12.1
18 notice Changelog: https://github.com/npm/cli/releases/tag/v11.12.1
18 notice To update run: npm install -g npm@11.12.1
18 notice  { force: true, Symbol(proc-log.meta): true }
19 verbose exit 0
20 info ok
