0 verbose cli D:\Program Files\nodejs\node.exe C:\Users\T470s\AppData\Roaming\npm\node_modules\npm\bin\npm-cli.js
1 info using npm@11.12.1
2 info using node@v24.12.0
3 silly config load:file:C:\Users\T470s\AppData\Roaming\npm\node_modules\npm\npmrc
4 silly config load:file:D:\mern-intern-tasks\MERN II\module8+9\.npmrc
5 silly config load:file:C:\Users\T470s\.npmrc
6 silly config load:file:C:\Users\T470s\AppData\Roaming\npm\etc\npmrc
7 verbose title npm install react-hook-form @hookform/resolvers
8 verbose argv "install" "react-hook-form" "@hookform/resolvers" "--legacy-peer-deps"
9 verbose logfile logs-max:10 dir:D:\mern-intern-tasks\MERN II\module8+9\npm-cache\_logs\2026-04-05T09_42_41_257Z-
10 verbose logfile D:\mern-intern-tasks\MERN II\module8+9\npm-cache\_logs\2026-04-05T09_42_41_257Z-debug-0.log
11 silly logfile start cleaning logs, removing 1 files
12 silly packumentCache heap:2348810240 maxSize:587202560 maxEntrySize:293601280
13 silly logfile done cleaning log files
14 silly idealTree buildDeps
15 silly fetch manifest @hookform/resolvers@^5.2.2
16 silly packumentCache full:https://registry.npmjs.org/@hookform%2fresolvers cache-miss
17 http fetch GET 200 https://registry.npmjs.org/@hookform%2fresolvers 595ms (cache revalidated)
18 silly packumentCache full:https://registry.npmjs.org/@hookform%2fresolvers set size:871317 disposed:false
19 silly fetch manifest react-hook-form@*
20 silly packumentCache full:https://registry.npmjs.org/react-hook-form cache-miss
21 http fetch GET 200 https://registry.npmjs.org/react-hook-form 66ms (cache revalidated)
22 silly packumentCache full:https://registry.npmjs.org/react-hook-form set size:5121246 disposed:false
23 silly placeDep ROOT @hookform/resolvers@5.2.2 REPLACE for: module8@0.1.0 want: ^5.2.2
24 silly placeDep ROOT react-hook-form@7.72.1 OK for: module8@0.1.0 want: *
25 silly reify moves {}
26 silly audit bulk request {
26 silly audit   '@alloc/quick-lru': [ '5.2.0' ],
26 silly audit   '@babel/code-frame': [ '7.29.0' ],
26 silly audit   '@babel/compat-data': [ '7.29.0' ],
26 silly audit   '@babel/core': [ '7.29.0' ],
26 silly audit   '@babel/generator': [ '7.29.1' ],
26 silly audit   '@babel/helper-compilation-targets': [ '7.28.6' ],
26 silly audit   '@babel/helper-globals': [ '7.28.0' ],
26 silly audit   '@babel/helper-module-imports': [ '7.28.6' ],
26 silly audit   '@babel/helper-module-transforms': [ '7.28.6' ],
26 silly audit   '@babel/helper-string-parser': [ '7.27.1' ],
26 silly audit   '@babel/helper-validator-identifier': [ '7.28.5' ],
26 silly audit   '@babel/helper-validator-option': [ '7.27.1' ],
26 silly audit   '@babel/helpers': [ '7.29.2' ],
26 silly audit   '@babel/parser': [ '7.29.2' ],
26 silly audit   '@babel/template': [ '7.28.6' ],
26 silly audit   '@babel/traverse': [ '7.29.0' ],
26 silly audit   '@babel/types': [ '7.29.0' ],
26 silly audit   '@emnapi/core': [ '1.9.2' ],
26 silly audit   '@emnapi/runtime': [ '1.9.2' ],
26 silly audit   '@emnapi/wasi-threads': [ '1.2.1' ],
26 silly audit   '@eslint-community/eslint-utils': [ '4.9.1' ],
26 silly audit   'eslint-visitor-keys': [ '3.4.3', '5.0.1', '4.2.1' ],
26 silly audit   '@eslint-community/regexpp': [ '4.12.2' ],
26 silly audit   '@eslint/config-array': [ '0.21.2' ],
26 silly audit   '@eslint/config-helpers': [ '0.4.2' ],
26 silly audit   '@eslint/core': [ '0.17.0' ],
26 silly audit   '@eslint/eslintrc': [ '3.3.5' ],
26 silly audit   '@eslint/js': [ '9.39.4' ],
26 silly audit   '@eslint/object-schema': [ '2.1.7' ],
26 silly audit   '@eslint/plugin-kit': [ '0.4.1' ],
26 silly audit   '@humanfs/core': [ '0.19.1' ],
26 silly audit   '@humanfs/node': [ '0.16.7' ],
26 silly audit   '@humanwhocodes/module-importer': [ '1.0.1' ],
26 silly audit   '@humanwhocodes/retry': [ '0.4.3' ],
26 silly audit   '@img/colour': [ '1.1.0' ],
26 silly audit   '@img/sharp-darwin-arm64': [ '0.34.5' ],
26 silly audit   '@img/sharp-darwin-x64': [ '0.34.5' ],
26 silly audit   '@img/sharp-libvips-darwin-arm64': [ '1.2.4' ],
26 silly audit   '@img/sharp-libvips-darwin-x64': [ '1.2.4' ],
26 silly audit   '@img/sharp-libvips-linux-arm': [ '1.2.4' ],
26 silly audit   '@img/sharp-libvips-linux-arm64': [ '1.2.4' ],
26 silly audit   '@img/sharp-libvips-linux-ppc64': [ '1.2.4' ],
26 silly audit   '@img/sharp-libvips-linux-riscv64': [ '1.2.4' ],
26 silly audit   '@img/sharp-libvips-linux-s390x': [ '1.2.4' ],
26 silly audit   '@img/sharp-libvips-linux-x64': [ '1.2.4' ],
26 silly audit   '@img/sharp-libvips-linuxmusl-arm64': [ '1.2.4' ],
26 silly audit   '@img/sharp-libvips-linuxmusl-x64': [ '1.2.4' ],
26 silly audit   '@img/sharp-linux-arm': [ '0.34.5' ],
26 silly audit   '@img/sharp-linux-arm64': [ '0.34.5' ],
26 silly audit   '@img/sharp-linux-ppc64': [ '0.34.5' ],
26 silly audit   '@img/sharp-linux-riscv64': [ '0.34.5' ],
26 silly audit   '@img/sharp-linux-s390x': [ '0.34.5' ],
26 silly audit   '@img/sharp-linux-x64': [ '0.34.5' ],
26 silly audit   '@img/sharp-linuxmusl-arm64': [ '0.34.5' ],
26 silly audit   '@img/sharp-linuxmusl-x64': [ '0.34.5' ],
26 silly audit   '@img/sharp-wasm32': [ '0.34.5' ],
26 silly audit   '@img/sharp-win32-arm64': [ '0.34.5' ],
26 silly audit   '@img/sharp-win32-ia32': [ '0.34.5' ],
26 silly audit   '@img/sharp-win32-x64': [ '0.34.5' ],
26 silly audit   '@jridgewell/gen-mapping': [ '0.3.13' ],
26 silly audit   '@jridgewell/remapping': [ '2.3.5' ],
26 silly audit   '@jridgewell/resolve-uri': [ '3.1.2' ],
26 silly audit   '@jridgewell/sourcemap-codec': [ '1.5.5' ],
26 silly audit   '@jridgewell/trace-mapping': [ '0.3.31' ],
26 silly audit   '@napi-rs/wasm-runtime': [ '0.2.12' ],
26 silly audit   '@next/env': [ '16.2.2' ],
26 silly audit   '@next/eslint-plugin-next': [ '16.2.2' ],
26 silly audit   '@next/swc-darwin-arm64': [ '16.2.2' ],
26 silly audit   '@next/swc-darwin-x64': [ '16.2.2' ],
26 silly audit   '@next/swc-linux-arm64-gnu': [ '16.2.2' ],
26 silly audit   '@next/swc-linux-arm64-musl': [ '16.2.2' ],
26 silly audit   '@next/swc-linux-x64-gnu': [ '16.2.2' ],
26 silly audit   '@next/swc-linux-x64-musl': [ '16.2.2' ],
26 silly audit   '@next/swc-win32-arm64-msvc': [ '16.2.2' ],
26 silly audit   '@next/swc-win32-x64-msvc': [ '16.2.2' ],
26 silly audit   '@nodelib/fs.scandir': [ '2.1.5' ],
26 silly audit   '@nodelib/fs.stat': [ '2.0.5' ],
26 silly audit   '@nodelib/fs.walk': [ '1.2.8' ],
26 silly audit   '@nolyfill/is-core-module': [ '1.0.39' ],
26 silly audit   '@radix-ui/primitive': [ '1.1.3' ],
26 silly audit   '@radix-ui/react-compose-refs': [ '1.1.2' ],
26 silly audit   '@radix-ui/react-context': [ '1.1.2' ],
26 silly audit   '@radix-ui/react-dialog': [ '1.1.15' ],
26 silly audit   '@radix-ui/react-primitive': [ '2.1.3', '2.1.4' ],
26 silly audit   '@radix-ui/react-dismissable-layer': [ '1.1.11' ],
26 silly audit   '@radix-ui/react-focus-guards': [ '1.1.3' ],
26 silly audit   '@radix-ui/react-focus-scope': [ '1.1.7' ],
26 silly audit   '@radix-ui/react-id': [ '1.1.1' ],
26 silly audit   '@radix-ui/react-portal': [ '1.1.9' ],
26 silly audit   '@radix-ui/react-presence': [ '1.1.5' ],
26 silly audit   '@radix-ui/react-slot': [ '1.2.4', '1.2.3' ],
26 silly audit   '@radix-ui/react-use-callback-ref': [ '1.1.1' ],
26 silly audit   '@radix-ui/react-use-controllable-state': [ '1.2.2' ],
26 silly audit   '@radix-ui/react-use-effect-event': [ '0.0.2' ],
26 silly audit   '@radix-ui/react-use-escape-keydown': [ '1.1.1' ],
26 silly audit   '@radix-ui/react-use-layout-effect': [ '1.1.1' ],
26 silly audit   '@reduxjs/toolkit': [ '2.11.2' ],
26 silly audit   immer: [ '11.1.4', '10.2.0' ],
26 silly audit   '@rtsao/scc': [ '1.1.0' ],
26 silly audit   '@socket.io/component-emitter': [ '3.1.2' ],
26 silly audit   '@standard-schema/spec': [ '1.1.0' ],
26 silly audit   '@standard-schema/utils': [ '0.3.0' ],
26 silly audit   '@swc/helpers': [ '0.5.15' ],
26 silly audit   '@tailwindcss/node': [ '4.2.2' ],
26 silly audit   '@tailwindcss/oxide': [ '4.2.2' ],
26 silly audit   '@tailwindcss/oxide-android-arm64': [ '4.2.2' ],
26 silly audit   '@tailwindcss/oxide-darwin-arm64': [ '4.2.2' ],
26 silly audit   '@tailwindcss/oxide-darwin-x64': [ '4.2.2' ],
26 silly audit   '@tailwindcss/oxide-freebsd-x64': [ '4.2.2' ],
26 silly audit   '@tailwindcss/oxide-linux-arm-gnueabihf': [ '4.2.2' ],
26 silly audit   '@tailwindcss/oxide-linux-arm64-gnu': [ '4.2.2' ],
26 silly audit   '@tailwindcss/oxide-linux-arm64-musl': [ '4.2.2' ],
26 silly audit   '@tailwindcss/oxide-linux-x64-gnu': [ '4.2.2' ],
26 silly audit   '@tailwindcss/oxide-linux-x64-musl': [ '4.2.2' ],
26 silly audit   '@tailwindcss/oxide-wasm32-wasi': [ '4.2.2' ],
26 silly audit   '@tailwindcss/oxide-win32-arm64-msvc': [ '4.2.2' ],
26 silly audit   '@tailwindcss/oxide-win32-x64-msvc': [ '4.2.2' ],
26 silly audit   '@tailwindcss/postcss': [ '4.2.2' ],
26 silly audit   '@tanstack/react-table': [ '8.21.3' ],
26 silly audit   '@tanstack/table-core': [ '8.21.3' ],
26 silly audit   '@tybys/wasm-util': [ '0.10.1' ],
26 silly audit   '@types/d3-array': [ '3.2.2' ],
26 silly audit   '@types/d3-color': [ '3.1.3' ],
26 silly audit   '@types/d3-ease': [ '3.0.2' ],
26 silly audit   '@types/d3-interpolate': [ '3.0.4' ],
26 silly audit   '@types/d3-path': [ '3.1.1' ],
26 silly audit   '@types/d3-scale': [ '4.0.9' ],
26 silly audit   '@types/d3-shape': [ '3.1.8' ],
26 silly audit   '@types/d3-time': [ '3.0.4' ],
26 silly audit   '@types/d3-timer': [ '3.0.2' ],
26 silly audit   '@types/estree': [ '1.0.8' ],
26 silly audit   '@types/json-schema': [ '7.0.15' ],
26 silly audit   '@types/json5': [ '0.0.29' ],
26 silly audit   '@types/node': [ '20.19.39' ],
26 silly audit   '@types/react': [ '19.2.14' ],
26 silly audit   '@types/react-dom': [ '19.2.3' ],
26 silly audit   '@types/use-sync-external-store': [ '0.0.6' ],
26 silly audit   '@typescript-eslint/eslint-plugin': [ '8.58.0' ],
26 silly audit   ignore: [ '7.0.5', '5.3.2' ],
26 silly audit   '@typescript-eslint/parser': [ '8.58.0' ],
26 silly audit   '@typescript-eslint/project-service': [ '8.58.0' ],
26 silly audit   '@typescript-eslint/scope-manager': [ '8.58.0' ],
26 silly audit   '@typescript-eslint/tsconfig-utils': [ '8.58.0' ],
26 silly audit   '@typescript-eslint/type-utils': [ '8.58.0' ],
26 silly audit   '@typescript-eslint/types': [ '8.58.0' ],
26 silly audit   '@typescript-eslint/typescript-estree': [ '8.58.0' ],
26 silly audit   'balanced-match': [ '4.0.4', '1.0.2' ],
26 silly audit   'brace-expansion': [ '5.0.5', '1.1.13' ],
26 silly audit   minimatch: [ '10.2.5', '3.1.5' ],
26 silly audit   semver: [ '7.7.4', '6.3.1' ],
26 silly audit   '@typescript-eslint/utils': [ '8.58.0' ],
26 silly audit   '@typescript-eslint/visitor-keys': [ '8.58.0' ],
26 silly audit   '@unrs/resolver-binding-android-arm-eabi': [ '1.11.1' ],
26 silly audit   '@unrs/resolver-binding-android-arm64': [ '1.11.1' ],
26 silly audit   '@unrs/resolver-binding-darwin-arm64': [ '1.11.1' ],
26 silly audit   '@unrs/resolver-binding-darwin-x64': [ '1.11.1' ],
26 silly audit   '@unrs/resolver-binding-freebsd-x64': [ '1.11.1' ],
26 silly audit   '@unrs/resolver-binding-linux-arm-gnueabihf': [ '1.11.1' ],
26 silly audit   '@unrs/resolver-binding-linux-arm-musleabihf': [ '1.11.1' ],
26 silly audit   '@unrs/resolver-binding-linux-arm64-gnu': [ '1.11.1' ],
26 silly audit   '@unrs/resolver-binding-linux-arm64-musl': [ '1.11.1' ],
26 silly audit   '@unrs/resolver-binding-linux-ppc64-gnu': [ '1.11.1' ],
26 silly audit   '@unrs/resolver-binding-linux-riscv64-gnu': [ '1.11.1' ],
26 silly audit   '@unrs/resolver-binding-linux-riscv64-musl': [ '1.11.1' ],
26 silly audit   '@unrs/resolver-binding-linux-s390x-gnu': [ '1.11.1' ],
26 silly audit   '@unrs/resolver-binding-linux-x64-gnu': [ '1.11.1' ],
26 silly audit   '@unrs/resolver-binding-linux-x64-musl': [ '1.11.1' ],
26 silly audit   '@unrs/resolver-binding-wasm32-wasi': [ '1.11.1' ],
26 silly audit   '@unrs/resolver-binding-win32-arm64-msvc': [ '1.11.1' ],
26 silly audit   '@unrs/resolver-binding-win32-ia32-msvc': [ '1.11.1' ],
26 silly audit   '@unrs/resolver-binding-win32-x64-msvc': [ '1.11.1' ],
26 silly audit   acorn: [ '8.16.0' ],
26 silly audit   'acorn-jsx': [ '5.3.2' ],
26 silly audit   ajv: [ '6.14.0' ],
26 silly audit   'ansi-escapes': [ '7.3.0' ],
26 silly audit   'ansi-regex': [ '6.2.2' ],
26 silly audit   'ansi-styles': [ '4.3.0', '6.2.3' ],
26 silly audit   argparse: [ '2.0.1' ],
26 silly audit   'aria-hidden': [ '1.2.6' ],
26 silly audit   'aria-query': [ '5.3.2' ],
26 silly audit   'array-buffer-byte-length': [ '1.0.2' ],
26 silly audit   'array-includes': [ '3.1.9' ],
26 silly audit   'array.prototype.findlast': [ '1.2.5' ],
26 silly audit   'array.prototype.findlastindex': [ '1.2.6' ],
26 silly audit   'array.prototype.flat': [ '1.3.3' ],
26 silly audit   'array.prototype.flatmap': [ '1.3.3' ],
26 silly audit   'array.prototype.tosorted': [ '1.1.4' ],
26 silly audit   'arraybuffer.prototype.slice': [ '1.0.4' ],
26 silly audit   'ast-types-flow': [ '0.0.8' ],
26 silly audit   'async-function': [ '1.0.0' ],
26 silly audit   'available-typed-arrays': [ '1.0.7' ],
26 silly audit   'axe-core': [ '4.11.2' ],
26 silly audit   'axobject-query': [ '4.1.0' ],
26 silly audit   'baseline-browser-mapping': [ '2.10.14' ],
26 silly audit   braces: [ '3.0.3' ],
26 silly audit   browserslist: [ '4.28.2' ],
26 silly audit   'call-bind': [ '1.0.8' ],
26 silly audit   'call-bind-apply-helpers': [ '1.0.2' ],
26 silly audit   'call-bound': [ '1.0.4' ],
26 silly audit   callsites: [ '3.1.0' ],
26 silly audit   'caniuse-lite': [ '1.0.30001784' ],
26 silly audit   chalk: [ '4.1.2' ],
26 silly audit   'cli-cursor': [ '5.0.0' ],
26 silly audit   'cli-truncate': [ '5.2.0' ],
26 silly audit   'client-only': [ '0.0.1' ],
26 silly audit   clsx: [ '2.1.1' ],
26 silly audit   cmdk: [ '1.1.1' ],
26 silly audit   'color-convert': [ '2.0.1' ],
26 silly audit   'color-name': [ '1.1.4' ],
26 silly audit   colorette: [ '2.0.20' ],
26 silly audit   commander: [ '14.0.3' ],
26 silly audit   'concat-map': [ '0.0.1' ],
26 silly audit   'convert-source-map': [ '2.0.0' ],
26 silly audit   'cross-spawn': [ '7.0.6' ],
26 silly audit   csstype: [ '3.2.3' ],
26 silly audit   'd3-array': [ '3.2.4' ],
26 silly audit   'd3-color': [ '3.1.0' ],
26 silly audit   'd3-ease': [ '3.0.1' ],
26 silly audit   'd3-format': [ '3.1.2' ],
26 silly audit   'd3-interpolate': [ '3.0.1' ],
26 silly audit   'd3-path': [ '3.1.0' ],
26 silly audit   'd3-scale': [ '4.0.2' ],
26 silly audit   'd3-shape': [ '3.2.0' ],
26 silly audit   'd3-time': [ '3.1.0' ],
26 silly audit   'd3-time-format': [ '4.1.0' ],
26 silly audit   'd3-timer': [ '3.0.1' ],
26 silly audit   'damerau-levenshtein': [ '1.0.8' ],
26 silly audit   'data-view-buffer': [ '1.0.2' ],
26 silly audit   'data-view-byte-length': [ '1.0.2' ],
26 silly audit   'data-view-byte-offset': [ '1.0.1' ],
26 silly audit   debug: [ '4.4.3', '3.2.7' ],
26 silly audit   'decimal.js-light': [ '2.5.1' ],
26 silly audit   'deep-is': [ '0.1.4' ],
26 silly audit   'define-data-property': [ '1.1.4' ],
26 silly audit   'define-properties': [ '1.2.1' ],
26 silly audit   'detect-libc': [ '2.1.2' ],
26 silly audit   'detect-node-es': [ '1.1.0' ],
26 silly audit   doctrine: [ '2.1.0' ],
26 silly audit   'dunder-proto': [ '1.0.1' ],
26 silly audit   'electron-to-chromium': [ '1.5.331' ],
26 silly audit   'emoji-regex': [ '9.2.2', '10.6.0' ],
26 silly audit   'engine.io-client': [ '6.6.4' ],
26 silly audit   'engine.io-parser': [ '5.2.3' ],
26 silly audit   'enhanced-resolve': [ '5.20.1' ],
26 silly audit   environment: [ '1.1.0' ],
26 silly audit   'es-abstract': [ '1.24.1' ],
26 silly audit   'es-define-property': [ '1.0.1' ],
26 silly audit   'es-errors': [ '1.3.0' ],
26 silly audit   'es-iterator-helpers': [ '1.3.1' ],
26 silly audit   'es-object-atoms': [ '1.1.1' ],
26 silly audit   'es-set-tostringtag': [ '2.1.0' ],
26 silly audit   'es-shim-unscopables': [ '1.1.0' ],
26 silly audit   'es-to-primitive': [ '1.3.0' ],
26 silly audit   'es-toolkit': [ '1.45.1' ],
26 silly audit   escalade: [ '3.2.0' ],
26 silly audit   'escape-string-regexp': [ '4.0.0' ],
26 silly audit   eslint: [ '9.39.4' ],
26 silly audit   'eslint-config-next': [ '16.2.2' ],
26 silly audit   globals: [ '16.4.0', '14.0.0' ],
26 silly audit   'eslint-import-resolver-node': [ '0.3.10' ],
26 silly audit   'eslint-import-resolver-typescript': [ '3.10.1' ],
26 silly audit   'eslint-module-utils': [ '2.12.1' ],
26 silly audit   'eslint-plugin-import': [ '2.32.0' ],
26 silly audit   'eslint-plugin-jsx-a11y': [ '6.10.2' ],
26 silly audit   'eslint-plugin-react': [ '7.37.5' ],
26 silly audit   'eslint-plugin-react-hooks': [ '7.0.1' ],
26 silly audit   'eslint-plugin-tailwindcss': [ '3.18.2' ],
26 silly audit   'eslint-scope': [ '8.4.0' ],
26 silly audit   espree: [ '10.4.0' ],
26 silly audit   esquery: [ '1.7.0' ],
26 silly audit   esrecurse: [ '4.3.0' ],
26 silly audit   estraverse: [ '5.3.0' ],
26 silly audit   esutils: [ '2.0.3' ],
26 silly audit   eventemitter3: [ '5.0.4' ],
26 silly audit   'fast-deep-equal': [ '3.1.3' ],
26 silly audit   'fast-glob': [ '3.3.1' ],
26 silly audit   'glob-parent': [ '5.1.2', '6.0.2' ],
26 silly audit   'fast-json-stable-stringify': [ '2.1.0' ],
26 silly audit   'fast-levenshtein': [ '2.0.6' ],
26 silly audit   fastq: [ '1.20.1' ],
26 silly audit   'file-entry-cache': [ '8.0.0' ],
26 silly audit   'fill-range': [ '7.1.1' ],
26 silly audit   'find-up': [ '5.0.0' ],
26 silly audit   'flat-cache': [ '4.0.1' ],
26 silly audit   flatted: [ '3.4.2' ],
26 silly audit   'for-each': [ '0.3.5' ],
26 silly audit   'framer-motion': [ '12.38.0' ],
26 silly audit   'function-bind': [ '1.1.2' ],
26 silly audit   'function.prototype.name': [ '1.1.8' ],
26 silly audit   'functions-have-names': [ '1.2.3' ],
26 silly audit   'generator-function': [ '2.0.1' ],
26 silly audit   gensync: [ '1.0.0-beta.2' ],
26 silly audit   'get-east-asian-width': [ '1.5.0' ],
26 silly audit   'get-intrinsic': [ '1.3.0' ],
26 silly audit   'get-nonce': [ '1.0.1' ],
26 silly audit   'get-proto': [ '1.0.1' ],
26 silly audit   'get-symbol-description': [ '1.1.0' ],
26 silly audit   'get-tsconfig': [ '4.13.7' ],
26 silly audit   globalthis: [ '1.0.4' ],
26 silly audit   gopd: [ '1.2.0' ],
26 silly audit   'graceful-fs': [ '4.2.11' ],
26 silly audit   'has-bigints': [ '1.1.0' ],
26 silly audit   'has-flag': [ '4.0.0' ],
26 silly audit   'has-property-descriptors': [ '1.0.2' ],
26 silly audit   'has-proto': [ '1.2.0' ],
26 silly audit   'has-symbols': [ '1.1.0' ],
26 silly audit   'has-tostringtag': [ '1.0.2' ],
26 silly audit   hasown: [ '2.0.2' ],
26 silly audit   'hermes-estree': [ '0.25.1' ],
26 silly audit   'hermes-parser': [ '0.25.1' ],
26 silly audit   husky: [ '9.1.7' ],
26 silly audit   'import-fresh': [ '3.3.1' ],
26 silly audit   imurmurhash: [ '0.1.4' ],
26 silly audit   'internal-slot': [ '1.1.0' ],
26 silly audit   internmap: [ '2.0.3' ],
26 silly audit   'is-array-buffer': [ '3.0.5' ],
26 silly audit   'is-async-function': [ '2.1.1' ],
26 silly audit   'is-bigint': [ '1.1.0' ],
26 silly audit   'is-boolean-object': [ '1.2.2' ],
26 silly audit   'is-bun-module': [ '2.0.0' ],
26 silly audit   'is-callable': [ '1.2.7' ],
26 silly audit   'is-core-module': [ '2.16.1' ],
26 silly audit   'is-data-view': [ '1.0.2' ],
26 silly audit   'is-date-object': [ '1.1.0' ],
26 silly audit   'is-extglob': [ '2.1.1' ],
26 silly audit   'is-finalizationregistry': [ '1.1.1' ],
26 silly audit   'is-fullwidth-code-point': [ '5.1.0' ],
26 silly audit   'is-generator-function': [ '1.1.2' ],
26 silly audit   'is-glob': [ '4.0.3' ],
26 silly audit   'is-map': [ '2.0.3' ],
26 silly audit   'is-negative-zero': [ '2.0.3' ],
26 silly audit   'is-number': [ '7.0.0' ],
26 silly audit   'is-number-object': [ '1.1.1' ],
26 silly audit   'is-regex': [ '1.2.1' ],
26 silly audit   'is-set': [ '2.0.3' ],
26 silly audit   'is-shared-array-buffer': [ '1.0.4' ],
26 silly audit   'is-string': [ '1.1.1' ],
26 silly audit   'is-symbol': [ '1.1.1' ],
26 silly audit   'is-typed-array': [ '1.1.15' ],
26 silly audit   'is-weakmap': [ '2.0.2' ],
26 silly audit   'is-weakref': [ '1.1.1' ],
26 silly audit   'is-weakset': [ '2.0.4' ],
26 silly audit   isarray: [ '2.0.5' ],
26 silly audit   isexe: [ '2.0.0' ],
26 silly audit   'iterator.prototype': [ '1.1.5' ],
26 silly audit   jiti: [ '2.6.1' ],
26 silly audit   'js-tokens': [ '4.0.0' ],
26 silly audit   'js-yaml': [ '4.1.1' ],
26 silly audit   jsesc: [ '3.1.0' ],
26 silly audit   'json-buffer': [ '3.0.1' ],
26 silly audit   'json-schema-traverse': [ '0.4.1' ],
26 silly audit   'json-stable-stringify-without-jsonify': [ '1.0.1' ],
26 silly audit   json5: [ '2.2.3', '1.0.2' ],
26 silly audit   'jsx-ast-utils': [ '3.3.5' ],
26 silly audit   keyv: [ '4.5.4' ],
26 silly audit   'language-subtag-registry': [ '0.3.23' ],
26 silly audit   'language-tags': [ '1.0.9' ],
26 silly audit   levn: [ '0.4.1' ],
26 silly audit   lightningcss: [ '1.32.0' ],
26 silly audit   'lightningcss-android-arm64': [ '1.32.0' ],
26 silly audit   'lightningcss-darwin-arm64': [ '1.32.0' ],
26 silly audit   'lightningcss-darwin-x64': [ '1.32.0' ],
26 silly audit   'lightningcss-freebsd-x64': [ '1.32.0' ],
26 silly audit   'lightningcss-linux-arm-gnueabihf': [ '1.32.0' ],
26 silly audit   'lightningcss-linux-arm64-gnu': [ '1.32.0' ],
26 silly audit   'lightningcss-linux-arm64-musl': [ '1.32.0' ],
26 silly audit   'lightningcss-linux-x64-gnu': [ '1.32.0' ],
26 silly audit   'lightningcss-linux-x64-musl': [ '1.32.0' ],
26 silly audit   'lightningcss-win32-arm64-msvc': [ '1.32.0' ],
26 silly audit   'lightningcss-win32-x64-msvc': [ '1.32.0' ],
26 silly audit   'lint-staged': [ '16.4.0' ],
26 silly audit   picomatch: [ '4.0.4', '2.3.2' ],
26 silly audit   listr2: [ '9.0.5' ],
26 silly audit   'locate-path': [ '6.0.0' ],
26 silly audit   'lodash.merge': [ '4.6.2' ],
26 silly audit   'log-update': [ '6.1.0' ],
26 silly audit   'slice-ansi': [ '7.1.2', '8.0.0' ],
26 silly audit   'loose-envify': [ '1.4.0' ],
26 silly audit   'lru-cache': [ '5.1.1' ],
26 silly audit   'lucide-react': [ '1.7.0' ],
26 silly audit   'magic-string': [ '0.30.21' ],
26 silly audit   'math-intrinsics': [ '1.1.0' ],
26 silly audit   merge2: [ '1.4.1' ],
26 silly audit   micromatch: [ '4.0.8' ],
26 silly audit   'mimic-function': [ '5.0.1' ],
26 silly audit   minimist: [ '1.2.8' ],
26 silly audit   'motion-dom': [ '12.38.0' ],
26 silly audit   'motion-utils': [ '12.36.0' ],
26 silly audit   ms: [ '2.1.3' ],
26 silly audit   nanoid: [ '3.3.11' ],
26 silly audit   'napi-postinstall': [ '0.3.4' ],
26 silly audit   'natural-compare': [ '1.4.0' ],
26 silly audit   next: [ '16.2.2' ],
26 silly audit   'next-themes': [ '0.4.6' ],
26 silly audit   postcss: [ '8.4.31', '8.5.8' ],
26 silly audit   'node-exports-info': [ '1.6.0' ],
26 silly audit   'node-releases': [ '2.0.37' ],
26 silly audit   'object-assign': [ '4.1.1' ],
26 silly audit   'object-inspect': [ '1.13.4' ],
26 silly audit   'object-keys': [ '1.1.1' ],
26 silly audit   'object.assign': [ '4.1.7' ],
26 silly audit   'object.entries': [ '1.1.9' ],
26 silly audit   'object.fromentries': [ '2.0.8' ],
26 silly audit   'object.groupby': [ '1.0.3' ],
26 silly audit   'object.values': [ '1.2.1' ],
26 silly audit   onetime: [ '7.0.0' ],
26 silly audit   optionator: [ '0.9.4' ],
26 silly audit   'own-keys': [ '1.0.1' ],
26 silly audit   'p-limit': [ '3.1.0' ],
26 silly audit   'p-locate': [ '5.0.0' ],
26 silly audit   'parent-module': [ '1.0.1' ],
26 silly audit   'path-exists': [ '4.0.0' ],
26 silly audit   'path-key': [ '3.1.1' ],
26 silly audit   'path-parse': [ '1.0.7' ],
26 silly audit   picocolors: [ '1.1.1' ],
26 silly audit   'possible-typed-array-names': [ '1.1.0' ],
26 silly audit   'prelude-ls': [ '1.2.1' ],
26 silly audit   prettier: [ '3.8.1' ],
26 silly audit   'prop-types': [ '15.8.1' ],
26 silly audit   punycode: [ '2.3.1' ],
26 silly audit   'queue-microtask': [ '1.2.3' ],
26 silly audit   react: [ '19.2.4' ],
26 silly audit   'react-dom': [ '19.2.4' ],
26 silly audit   'react-is': [ '16.13.1' ],
26 silly audit   'react-redux': [ '9.2.0' ],
26 silly audit   'react-remove-scroll': [ '2.7.2' ],
26 silly audit   'react-remove-scroll-bar': [ '2.3.8' ],
26 silly audit   'react-style-singleton': [ '2.2.3' ],
26 silly audit   recharts: [ '3.8.1' ],
26 silly audit   redux: [ '5.0.1' ],
26 silly audit   'redux-thunk': [ '3.1.0' ],
26 silly audit   'reflect.getprototypeof': [ '1.0.10' ],
26 silly audit   'regexp.prototype.flags': [ '1.5.4' ],
26 silly audit   reselect: [ '5.1.1' ],
26 silly audit   resolve: [ '2.0.0-next.6' ],
26 silly audit   'resolve-from': [ '4.0.0' ],
26 silly audit   'resolve-pkg-maps': [ '1.0.0' ],
26 silly audit   'restore-cursor': [ '5.1.0' ],
26 silly audit   reusify: [ '1.1.0' ],
26 silly audit   rfdc: [ '1.4.1' ],
26 silly audit   'run-parallel': [ '1.2.0' ],
26 silly audit   'safe-array-concat': [ '1.1.3' ],
26 silly audit   'safe-push-apply': [ '1.0.0' ],
26 silly audit   'safe-regex-test': [ '1.1.0' ],
26 silly audit   scheduler: [ '0.27.0' ],
26 silly audit   'set-function-length': [ '1.2.2' ],
26 silly audit   'set-function-name': [ '2.0.2' ],
26 silly audit   'set-proto': [ '1.0.0' ],
26 silly audit   sharp: [ '0.34.5' ],
26 silly audit   'shebang-command': [ '2.0.0' ],
26 silly audit   'shebang-regex': [ '3.0.0' ],
26 silly audit   'side-channel': [ '1.1.0' ],
26 silly audit   'side-channel-list': [ '1.0.0' ],
26 silly audit   'side-channel-map': [ '1.0.1' ],
26 silly audit   'side-channel-weakmap': [ '1.0.2' ],
26 silly audit   'signal-exit': [ '4.1.0' ],
26 silly audit   'socket.io-client': [ '4.8.3' ],
26 silly audit   'socket.io-parser': [ '4.2.6' ],
26 silly audit   'source-map-js': [ '1.2.1' ],
26 silly audit   'stable-hash': [ '0.0.5' ],
26 silly audit   'stop-iteration-iterator': [ '1.1.0' ],
26 silly audit   'string-argv': [ '0.3.2' ],
26 silly audit   'string-width': [ '8.2.0', '7.2.0' ],
26 silly audit   'string.prototype.includes': [ '2.0.1' ],
26 silly audit   'string.prototype.matchall': [ '4.0.12' ],
26 silly audit   'string.prototype.repeat': [ '1.0.0' ],
26 silly audit   'string.prototype.trim': [ '1.2.10' ],
26 silly audit   'string.prototype.trimend': [ '1.0.9' ],
26 silly audit   'string.prototype.trimstart': [ '1.0.8' ],
26 silly audit   'strip-ansi': [ '7.2.0' ],
26 silly audit   'strip-bom': [ '3.0.0' ],
26 silly audit   'strip-json-comments': [ '3.1.1' ],
26 silly audit   'styled-jsx': [ '5.1.6' ],
26 silly audit   'supports-color': [ '7.2.0' ],
26 silly audit   'supports-preserve-symlinks-flag': [ '1.0.0' ],
26 silly audit   tailwindcss: [ '4.2.2' ],
26 silly audit   tapable: [ '2.3.2' ],
26 silly audit   'tiny-invariant': [ '1.3.3' ],
26 silly audit   tinyexec: [ '1.0.4' ],
26 silly audit   tinyglobby: [ '0.2.15' ],
26 silly audit   fdir: [ '6.5.0' ],
26 silly audit   'to-regex-range': [ '5.0.1' ],
26 silly audit   'ts-api-utils': [ '2.5.0' ],
26 silly audit   'tsconfig-paths': [ '3.15.0' ],
26 silly audit   tslib: [ '2.8.1' ],
26 silly audit   'type-check': [ '0.4.0' ],
26 silly audit   'typed-array-buffer': [ '1.0.3' ],
26 silly audit   'typed-array-byte-length': [ '1.0.3' ],
26 silly audit   'typed-array-byte-offset': [ '1.0.4' ],
26 silly audit   'typed-array-length': [ '1.0.7' ],
26 silly audit   typescript: [ '5.9.3' ],
26 silly audit   'typescript-eslint': [ '8.58.0' ],
26 silly audit   'unbox-primitive': [ '1.1.0' ],
26 silly audit   'undici-types': [ '6.21.0' ],
26 silly audit   'unrs-resolver': [ '1.11.1' ],
26 silly audit   'update-browserslist-db': [ '1.2.3' ],
26 silly audit   'uri-js': [ '4.4.1' ],
26 silly audit   'use-callback-ref': [ '1.3.3' ],
26 silly audit   'use-sidecar': [ '1.1.3' ],
26 silly audit   'use-sync-external-store': [ '1.6.0' ],
26 silly audit   'victory-vendor': [ '37.3.6' ],
26 silly audit   which: [ '2.0.2' ],
26 silly audit   'which-boxed-primitive': [ '1.1.1' ],
26 silly audit   'which-builtin-type': [ '1.2.1' ],
26 silly audit   'which-collection': [ '1.0.2' ],
26 silly audit   'which-typed-array': [ '1.1.20' ],
26 silly audit   'word-wrap': [ '1.2.5' ],
26 silly audit   'wrap-ansi': [ '9.0.2' ],
26 silly audit   ws: [ '8.18.3' ],
26 silly audit   'xmlhttprequest-ssl': [ '2.1.2' ],
26 silly audit   yallist: [ '3.1.1' ],
26 silly audit   yaml: [ '2.8.3' ],
26 silly audit   'yocto-queue': [ '0.1.0' ],
26 silly audit   zod: [ '4.3.6' ],
26 silly audit   'zod-validation-error': [ '4.0.2' ],
26 silly audit   '@hookform/resolvers': [ '5.2.2' ],
26 silly audit   'react-hook-form': [ '7.72.1' ]
26 silly audit }
27 http cache react-hook-form@https://registry.npmjs.org/react-hook-form/-/react-hook-form-7.72.1.tgz 0ms (cache hit)
28 silly tarball no local data for react-hook-form@https://registry.npmjs.org/react-hook-form/-/react-hook-form-7.72.1.tgz. Extracting by manifest.
29 http fetch POST 200 https://registry.npmjs.org/-/npm/v1/security/advisories/bulk 330ms
30 silly audit report {}
31 http fetch GET 200 https://registry.npmjs.org/react-hook-form/-/react-hook-form-7.72.1.tgz 3198ms (cache miss)
32 silly ADD node_modules/react-hook-form
33 verbose cwd D:\mern-intern-tasks\MERN II\module8+9
34 verbose os Windows_NT 10.0.19045
35 verbose node v24.12.0
36 verbose npm  v11.12.1
37 verbose exit 0
38 info ok
