0 verbose cli D:\Program Files\nodejs\node.exe C:\Users\T470s\AppData\Roaming\npm\node_modules\npm\bin\npm-cli.js
1 info using npm@11.12.1
2 info using node@v24.12.0
3 silly config load:file:C:\Users\T470s\AppData\Roaming\npm\node_modules\npm\npmrc
4 silly config load:file:D:\mern-intern-tasks\MERN II\module8+9\.npmrc
5 silly config load:file:C:\Users\T470s\.npmrc
6 silly config load:file:C:\Users\T470s\AppData\Roaming\npm\etc\npmrc
7 verbose title npm install recharts @tanstack/react-table socket.io-client cmdk framer-motion zod @hookform/resolvers lucide-react
8 verbose argv "install" "recharts" "@tanstack/react-table" "socket.io-client" "cmdk" "framer-motion" "zod" "@hookform/resolvers" "lucide-react" "--legacy-peer-deps"
9 verbose logfile logs-max:10 dir:D:\mern-intern-tasks\MERN II\module8+9\npm-cache\_logs\2026-04-05T08_36_02_342Z-
10 verbose logfile D:\mern-intern-tasks\MERN II\module8+9\npm-cache\_logs\2026-04-05T08_36_02_342Z-debug-0.log
11 silly logfile start cleaning logs, removing 1 files
12 silly packumentCache heap:2348810240 maxSize:587202560 maxEntrySize:293601280
13 silly logfile done cleaning log files
14 silly idealTree buildDeps
15 silly fetch manifest framer-motion@^12.38.0
16 silly packumentCache full:https://registry.npmjs.org/framer-motion cache-miss
17 http cache https://registry.npmjs.org/framer-motion 212ms (cache hit)
18 silly packumentCache full:https://registry.npmjs.org/framer-motion set size:10001580 disposed:false
19 silly fetch manifest recharts@^3.8.1
20 silly packumentCache full:https://registry.npmjs.org/recharts cache-miss
21 http cache https://registry.npmjs.org/recharts 30ms (cache hit)
22 silly packumentCache full:https://registry.npmjs.org/recharts set size:1343613 disposed:false
23 silly fetch manifest zod@^4.3.6
24 silly packumentCache full:https://registry.npmjs.org/zod cache-miss
25 http cache https://registry.npmjs.org/zod 15ms (cache hit)
26 silly packumentCache full:https://registry.npmjs.org/zod set size:3489329 disposed:false
27 silly fetch manifest @tanstack/react-table@*
28 silly packumentCache full:https://registry.npmjs.org/@tanstack%2freact-table cache-miss
29 http cache https://registry.npmjs.org/@tanstack%2freact-table 9ms (cache hit)
30 silly packumentCache full:https://registry.npmjs.org/@tanstack%2freact-table set size:660808 disposed:false
31 silly fetch manifest socket.io-client@*
32 silly packumentCache full:https://registry.npmjs.org/socket.io-client cache-miss
33 http cache https://registry.npmjs.org/socket.io-client 8ms (cache hit)
34 silly packumentCache full:https://registry.npmjs.org/socket.io-client set size:410355 disposed:false
35 silly fetch manifest cmdk@*
36 silly packumentCache full:https://registry.npmjs.org/cmdk cache-miss
37 http cache https://registry.npmjs.org/cmdk 6ms (cache hit)
38 silly packumentCache full:https://registry.npmjs.org/cmdk set size:102891 disposed:false
39 silly fetch manifest @hookform/resolvers@*
40 silly packumentCache full:https://registry.npmjs.org/@hookform%2fresolvers cache-miss
41 http cache https://registry.npmjs.org/@hookform%2fresolvers 9ms (cache hit)
42 silly packumentCache full:https://registry.npmjs.org/@hookform%2fresolvers set size:871317 disposed:false
43 silly fetch manifest lucide-react@*
44 silly packumentCache full:https://registry.npmjs.org/lucide-react cache-miss
45 http fetch GET 200 https://registry.npmjs.org/lucide-react 298ms (cache miss)
46 silly packumentCache full:https://registry.npmjs.org/lucide-react set size:undefined disposed:false
47 silly placeDep ROOT @hookform/resolvers@5.2.2 OK for: module8@0.1.0 want: *
48 silly placeDep ROOT @tanstack/react-table@8.21.3 OK for: module8@0.1.0 want: *
49 silly placeDep ROOT cmdk@1.1.1 OK for: module8@0.1.0 want: *
50 silly placeDep ROOT framer-motion@12.38.0 REPLACE for: module8@0.1.0 want: ^12.38.0
51 silly placeDep ROOT lucide-react@1.7.0 OK for: module8@0.1.0 want: *
52 silly placeDep ROOT recharts@3.8.1 REPLACE for: module8@0.1.0 want: ^3.8.1
53 silly placeDep ROOT socket.io-client@4.8.3 OK for: module8@0.1.0 want: *
54 silly placeDep ROOT zod@4.3.6 REPLACE for: module8@0.1.0 want: ^4.3.6
55 silly fetch manifest @tanstack/table-core@8.21.3
56 silly packumentCache full:https://registry.npmjs.org/@tanstack%2ftable-core cache-miss
57 silly fetch manifest @radix-ui/react-id@^1.1.0
58 silly packumentCache full:https://registry.npmjs.org/@radix-ui%2freact-id cache-miss
59 silly fetch manifest @radix-ui/react-dialog@^1.1.6
60 silly packumentCache full:https://registry.npmjs.org/@radix-ui%2freact-dialog cache-miss
61 http cache https://registry.npmjs.org/@radix-ui%2freact-dialog 16ms (cache hit)
62 silly packumentCache full:https://registry.npmjs.org/@radix-ui%2freact-dialog set size:1036325 disposed:false
63 silly fetch manifest @radix-ui/react-primitive@^2.0.2
64 silly packumentCache full:https://registry.npmjs.org/@radix-ui%2freact-primitive cache-miss
65 http cache https://registry.npmjs.org/@radix-ui%2freact-id 27ms (cache hit)
66 silly packumentCache full:https://registry.npmjs.org/@radix-ui%2freact-id set size:325405 disposed:false
67 silly fetch manifest @radix-ui/react-compose-refs@^1.1.1
68 silly packumentCache full:https://registry.npmjs.org/@radix-ui%2freact-compose-refs cache-miss
69 http cache https://registry.npmjs.org/@tanstack%2ftable-core 33ms (cache hit)
70 silly packumentCache full:https://registry.npmjs.org/@tanstack%2ftable-core set size:516174 disposed:false
71 silly fetch manifest @socket.io/component-emitter@~3.1.0
72 silly packumentCache full:https://registry.npmjs.org/@socket.io%2fcomponent-emitter cache-miss
73 http cache https://registry.npmjs.org/@socket.io%2fcomponent-emitter 10ms (cache hit)
74 silly packumentCache full:https://registry.npmjs.org/@socket.io%2fcomponent-emitter set size:14099 disposed:false
75 silly fetch manifest engine.io-client@~6.6.1
76 silly packumentCache full:https://registry.npmjs.org/engine.io-client cache-miss
77 http cache https://registry.npmjs.org/@radix-ui%2freact-compose-refs 18ms (cache hit)
78 silly packumentCache full:https://registry.npmjs.org/@radix-ui%2freact-compose-refs set size:219425 disposed:false
79 silly fetch manifest socket.io-parser@~4.2.4
80 silly packumentCache full:https://registry.npmjs.org/socket.io-parser cache-miss
81 http cache https://registry.npmjs.org/@radix-ui%2freact-primitive 28ms (cache hit)
82 silly packumentCache full:https://registry.npmjs.org/@radix-ui%2freact-primitive set size:595809 disposed:false
83 http cache https://registry.npmjs.org/socket.io-parser 16ms (cache hit)
84 silly packumentCache full:https://registry.npmjs.org/socket.io-parser set size:124220 disposed:false
85 http cache https://registry.npmjs.org/engine.io-client 25ms (cache hit)
86 silly packumentCache full:https://registry.npmjs.org/engine.io-client set size:469044 disposed:false
87 silly placeDep ROOT @tanstack/table-core@8.21.3 OK for: @tanstack/react-table@8.21.3 want: 8.21.3
88 silly placeDep ROOT @radix-ui/react-compose-refs@1.1.2 OK for: cmdk@1.1.1 want: ^1.1.1
89 silly placeDep ROOT @radix-ui/react-dialog@1.1.15 OK for: cmdk@1.1.1 want: ^1.1.6
90 silly placeDep ROOT @radix-ui/react-id@1.1.1 OK for: cmdk@1.1.1 want: ^1.1.0
91 silly placeDep ROOT @radix-ui/react-primitive@2.1.4 OK for: cmdk@1.1.1 want: ^2.0.2
92 silly fetch manifest aria-hidden@^1.2.4
93 silly packumentCache full:https://registry.npmjs.org/aria-hidden cache-miss
94 silly fetch manifest @radix-ui/react-id@1.1.1
95 silly packumentCache full:https://registry.npmjs.org/@radix-ui%2freact-id cache-hit
96 silly fetch manifest @radix-ui/primitive@1.1.3
97 silly packumentCache full:https://registry.npmjs.org/@radix-ui%2fprimitive cache-miss
98 silly fetch manifest react-remove-scroll@^2.6.3
99 silly packumentCache full:https://registry.npmjs.org/react-remove-scroll cache-miss
100 http cache https://registry.npmjs.org/react-remove-scroll 15ms (cache hit)
101 silly packumentCache full:https://registry.npmjs.org/react-remove-scroll set size:147112 disposed:false
102 silly fetch manifest @radix-ui/react-slot@1.2.3
103 silly packumentCache full:https://registry.npmjs.org/@radix-ui%2freact-slot cache-miss
104 http cache https://registry.npmjs.org/@radix-ui%2fprimitive 19ms (cache hit)
105 silly packumentCache full:https://registry.npmjs.org/@radix-ui%2fprimitive set size:164617 disposed:false
106 silly fetch manifest @radix-ui/react-portal@1.1.9
107 silly packumentCache full:https://registry.npmjs.org/@radix-ui%2freact-portal cache-miss
108 http cache https://registry.npmjs.org/aria-hidden 23ms (cache hit)
109 silly packumentCache full:https://registry.npmjs.org/aria-hidden set size:40391 disposed:false
110 silly fetch manifest @radix-ui/react-context@1.1.2
111 silly packumentCache full:https://registry.npmjs.org/@radix-ui%2freact-context cache-miss
112 http cache https://registry.npmjs.org/@radix-ui%2freact-context 11ms (cache hit)
113 silly packumentCache full:https://registry.npmjs.org/@radix-ui%2freact-context set size:266557 disposed:false
114 silly fetch manifest @radix-ui/react-presence@1.1.5
115 silly packumentCache full:https://registry.npmjs.org/@radix-ui%2freact-presence cache-miss
116 http cache https://registry.npmjs.org/@radix-ui%2freact-slot 21ms (cache hit)
117 silly packumentCache full:https://registry.npmjs.org/@radix-ui%2freact-slot set size:387271 disposed:false
118 silly fetch manifest @radix-ui/react-primitive@2.1.3
119 silly packumentCache full:https://registry.npmjs.org/@radix-ui%2freact-primitive cache-hit
120 silly fetch manifest @radix-ui/react-focus-scope@1.1.7
121 silly packumentCache full:https://registry.npmjs.org/@radix-ui%2freact-focus-scope cache-miss
122 http cache https://registry.npmjs.org/@radix-ui%2freact-portal 23ms (cache hit)
123 silly packumentCache full:https://registry.npmjs.org/@radix-ui%2freact-portal set size:667939 disposed:false
124 silly fetch manifest @radix-ui/react-focus-guards@1.1.3
125 silly packumentCache full:https://registry.npmjs.org/@radix-ui%2freact-focus-guards cache-miss
126 http cache https://registry.npmjs.org/@radix-ui%2freact-focus-guards 7ms (cache hit)
127 silly packumentCache full:https://registry.npmjs.org/@radix-ui%2freact-focus-guards set size:284533 disposed:false
128 silly fetch manifest @radix-ui/react-dismissable-layer@1.1.11
129 silly packumentCache full:https://registry.npmjs.org/@radix-ui%2freact-dismissable-layer cache-miss
130 http cache https://registry.npmjs.org/@radix-ui%2freact-focus-scope 26ms (cache hit)
131 silly packumentCache full:https://registry.npmjs.org/@radix-ui%2freact-focus-scope set size:643933 disposed:false
132 silly fetch manifest @radix-ui/react-use-controllable-state@1.2.2
133 silly packumentCache full:https://registry.npmjs.org/@radix-ui%2freact-use-controllable-state cache-miss
134 http cache https://registry.npmjs.org/@radix-ui%2freact-presence 36ms (cache hit)
135 silly packumentCache full:https://registry.npmjs.org/@radix-ui%2freact-presence set size:443830 disposed:false
136 silly fetch manifest @radix-ui/react-use-layout-effect@1.1.1
137 silly packumentCache full:https://registry.npmjs.org/@radix-ui%2freact-use-layout-effect cache-miss
138 http cache https://registry.npmjs.org/@radix-ui%2freact-use-controllable-state 13ms (cache hit)
139 silly packumentCache full:https://registry.npmjs.org/@radix-ui%2freact-use-controllable-state set size:296080 disposed:false
140 silly fetch manifest @radix-ui/react-slot@1.2.4
141 silly packumentCache full:https://registry.npmjs.org/@radix-ui%2freact-slot cache-hit
142 http cache https://registry.npmjs.org/@radix-ui%2freact-use-layout-effect 14ms (cache hit)
143 silly packumentCache full:https://registry.npmjs.org/@radix-ui%2freact-use-layout-effect set size:213388 disposed:false
144 http cache https://registry.npmjs.org/@radix-ui%2freact-dismissable-layer 30ms (cache hit)
145 silly packumentCache full:https://registry.npmjs.org/@radix-ui%2freact-dismissable-layer set size:803119 disposed:false
146 silly placeDep ROOT @radix-ui/primitive@1.1.3 OK for: @radix-ui/react-dialog@1.1.15 want: 1.1.3
147 silly placeDep ROOT @radix-ui/react-context@1.1.2 OK for: @radix-ui/react-dialog@1.1.15 want: 1.1.2
148 silly placeDep ROOT @radix-ui/react-dismissable-layer@1.1.11 OK for: @radix-ui/react-dialog@1.1.15 want: 1.1.11
149 silly placeDep ROOT @radix-ui/react-focus-guards@1.1.3 OK for: @radix-ui/react-dialog@1.1.15 want: 1.1.3
150 silly placeDep ROOT @radix-ui/react-focus-scope@1.1.7 OK for: @radix-ui/react-dialog@1.1.15 want: 1.1.7
151 silly placeDep ROOT @radix-ui/react-portal@1.1.9 OK for: @radix-ui/react-dialog@1.1.15 want: 1.1.9
152 silly placeDep ROOT @radix-ui/react-presence@1.1.5 OK for: @radix-ui/react-dialog@1.1.15 want: 1.1.5
153 silly placeDep node_modules/@radix-ui/react-dialog @radix-ui/react-primitive@2.1.3 OK for: @radix-ui/react-dialog@1.1.15 want: 2.1.3
154 silly placeDep ROOT @radix-ui/react-slot@1.2.3 OK for: @radix-ui/react-dialog@1.1.15 want: 1.2.3
155 silly placeDep ROOT @radix-ui/react-use-controllable-state@1.2.2 OK for: @radix-ui/react-dialog@1.1.15 want: 1.2.2
156 silly placeDep ROOT aria-hidden@1.2.6 OK for: @radix-ui/react-dialog@1.1.15 want: ^1.2.4
157 silly placeDep ROOT react-remove-scroll@2.7.2 OK for: @radix-ui/react-dialog@1.1.15 want: ^2.6.3
158 silly fetch manifest @radix-ui/react-use-callback-ref@1.1.1
159 silly packumentCache full:https://registry.npmjs.org/@radix-ui%2freact-use-callback-ref cache-miss
160 silly fetch manifest @radix-ui/react-use-escape-keydown@1.1.1
161 silly packumentCache full:https://registry.npmjs.org/@radix-ui%2freact-use-escape-keydown cache-miss
162 silly fetch manifest @radix-ui/react-use-callback-ref@1.1.1
163 silly packumentCache full:https://registry.npmjs.org/@radix-ui%2freact-use-callback-ref cache-miss
164 http cache https://registry.npmjs.org/@radix-ui%2freact-use-callback-ref 32ms (cache hit)
165 silly packumentCache full:https://registry.npmjs.org/@radix-ui%2freact-use-callback-ref set size:212985 disposed:false
166 silly fetch manifest @radix-ui/react-use-effect-event@0.0.2
167 silly packumentCache full:https://registry.npmjs.org/@radix-ui%2freact-use-effect-event cache-miss
168 http cache https://registry.npmjs.org/@radix-ui%2freact-use-callback-ref 35ms (cache hit)
169 silly packumentCache full:https://registry.npmjs.org/@radix-ui%2freact-use-callback-ref set size:212985 disposed:false
170 silly packumentCache full:https://registry.npmjs.org/@radix-ui%2freact-use-callback-ref dispose
171 silly fetch manifest react-remove-scroll-bar@^2.3.7
172 silly packumentCache full:https://registry.npmjs.org/react-remove-scroll-bar cache-miss
173 http cache https://registry.npmjs.org/@radix-ui%2freact-use-escape-keydown 42ms (cache hit)
174 silly packumentCache full:https://registry.npmjs.org/@radix-ui%2freact-use-escape-keydown set size:278235 disposed:false
175 silly fetch manifest react-style-singleton@^2.2.3
176 silly packumentCache full:https://registry.npmjs.org/react-style-singleton cache-miss
177 http cache https://registry.npmjs.org/@radix-ui%2freact-use-effect-event 18ms (cache hit)
178 silly packumentCache full:https://registry.npmjs.org/@radix-ui%2freact-use-effect-event set size:23349 disposed:false
179 silly fetch manifest use-callback-ref@^1.3.3
180 silly packumentCache full:https://registry.npmjs.org/use-callback-ref cache-miss
181 http cache https://registry.npmjs.org/react-remove-scroll-bar 18ms (cache hit)
182 silly packumentCache full:https://registry.npmjs.org/react-remove-scroll-bar set size:66434 disposed:false
183 silly fetch manifest use-sidecar@^1.1.3
184 silly packumentCache full:https://registry.npmjs.org/use-sidecar cache-miss
185 http cache https://registry.npmjs.org/react-style-singleton 15ms (cache hit)
186 silly packumentCache full:https://registry.npmjs.org/react-style-singleton set size:33682 disposed:false
187 http cache https://registry.npmjs.org/use-callback-ref 11ms (cache hit)
188 silly packumentCache full:https://registry.npmjs.org/use-callback-ref set size:47599 disposed:false
189 http cache https://registry.npmjs.org/use-sidecar 10ms (cache hit)
190 silly packumentCache full:https://registry.npmjs.org/use-sidecar set size:58998 disposed:false
191 silly placeDep node_modules/@radix-ui/react-dismissable-layer @radix-ui/react-primitive@2.1.3 OK for: @radix-ui/react-dismissable-layer@1.1.11 want: 2.1.3
192 silly placeDep ROOT @radix-ui/react-use-callback-ref@1.1.1 OK for: @radix-ui/react-dismissable-layer@1.1.11 want: 1.1.1
193 silly placeDep ROOT @radix-ui/react-use-escape-keydown@1.1.1 OK for: @radix-ui/react-dismissable-layer@1.1.11 want: 1.1.1
194 silly placeDep node_modules/@radix-ui/react-focus-scope @radix-ui/react-primitive@2.1.3 OK for: @radix-ui/react-focus-scope@1.1.7 want: 2.1.3
195 silly placeDep ROOT @radix-ui/react-use-layout-effect@1.1.1 OK for: @radix-ui/react-id@1.1.1 want: 1.1.1
196 silly placeDep node_modules/@radix-ui/react-portal @radix-ui/react-primitive@2.1.3 OK for: @radix-ui/react-portal@1.1.9 want: 2.1.3
197 silly placeDep node_modules/@radix-ui/react-primitive @radix-ui/react-slot@1.2.4 OK for: @radix-ui/react-primitive@2.1.4 want: 1.2.4
198 silly placeDep ROOT @radix-ui/react-use-effect-event@0.0.2 OK for: @radix-ui/react-use-controllable-state@1.2.2 want: 0.0.2
199 silly placeDep ROOT react-remove-scroll-bar@2.3.8 OK for: react-remove-scroll@2.7.2 want: ^2.3.7
200 silly placeDep ROOT react-style-singleton@2.2.3 OK for: react-remove-scroll@2.7.2 want: ^2.2.3
201 silly placeDep ROOT use-callback-ref@1.3.3 OK for: react-remove-scroll@2.7.2 want: ^1.3.3
202 silly placeDep ROOT use-sidecar@1.1.3 OK for: react-remove-scroll@2.7.2 want: ^1.1.3
203 silly fetch manifest react-style-singleton@^2.2.2
204 silly packumentCache full:https://registry.npmjs.org/react-style-singleton cache-hit
205 silly fetch manifest get-nonce@^1.0.0
206 silly packumentCache full:https://registry.npmjs.org/get-nonce cache-miss
207 silly fetch manifest detect-node-es@^1.1.0
208 silly packumentCache full:https://registry.npmjs.org/detect-node-es cache-miss
209 http fetch GET 200 https://registry.npmjs.org/get-nonce 50ms (cache miss)
210 silly packumentCache full:https://registry.npmjs.org/get-nonce set size:undefined disposed:false
211 http fetch GET 200 https://registry.npmjs.org/detect-node-es 210ms (cache miss)
212 silly packumentCache full:https://registry.npmjs.org/detect-node-es set size:undefined disposed:false
213 silly placeDep ROOT get-nonce@1.0.1 OK for: react-style-singleton@2.2.3 want: ^1.0.0
214 silly placeDep ROOT @socket.io/component-emitter@3.1.2 OK for: socket.io-client@4.8.3 want: ~3.1.0
215 silly placeDep ROOT engine.io-client@6.6.4 OK for: socket.io-client@4.8.3 want: ~6.6.1
216 silly placeDep ROOT socket.io-parser@4.2.6 OK for: socket.io-client@4.8.3 want: ~4.2.4
217 silly fetch manifest engine.io-parser@~5.2.1
218 silly packumentCache full:https://registry.npmjs.org/engine.io-parser cache-miss
219 silly fetch manifest ws@~8.18.3
220 silly packumentCache full:https://registry.npmjs.org/ws cache-miss
221 silly fetch manifest xmlhttprequest-ssl@~2.1.1
222 silly packumentCache full:https://registry.npmjs.org/xmlhttprequest-ssl cache-miss
223 http fetch GET 200 https://registry.npmjs.org/ws 196ms (cache miss)
224 silly packumentCache full:https://registry.npmjs.org/ws set size:undefined disposed:false
225 http fetch GET 200 https://registry.npmjs.org/engine.io-parser 927ms (cache miss)
226 silly packumentCache full:https://registry.npmjs.org/engine.io-parser set size:undefined disposed:false
227 http fetch GET 200 https://registry.npmjs.org/xmlhttprequest-ssl 1101ms (cache miss)
228 silly packumentCache full:https://registry.npmjs.org/xmlhttprequest-ssl set size:undefined disposed:false
229 silly placeDep ROOT engine.io-parser@5.2.3 OK for: engine.io-client@6.6.4 want: ~5.2.1
230 silly placeDep ROOT ws@8.18.3 OK for: engine.io-client@6.6.4 want: ~8.18.3
231 silly placeDep ROOT xmlhttprequest-ssl@2.1.2 OK for: engine.io-client@6.6.4 want: ~2.1.1
232 silly placeDep ROOT detect-node-es@1.1.0 OK for: use-sidecar@1.1.3 want: ^1.1.0
233 silly reify moves {}
234 silly audit bulk request {
234 silly audit   '@alloc/quick-lru': [ '5.2.0' ],
234 silly audit   '@babel/code-frame': [ '7.29.0' ],
234 silly audit   '@babel/compat-data': [ '7.29.0' ],
234 silly audit   '@babel/core': [ '7.29.0' ],
234 silly audit   '@babel/generator': [ '7.29.1' ],
234 silly audit   '@babel/helper-compilation-targets': [ '7.28.6' ],
234 silly audit   '@babel/helper-globals': [ '7.28.0' ],
234 silly audit   '@babel/helper-module-imports': [ '7.28.6' ],
234 silly audit   '@babel/helper-module-transforms': [ '7.28.6' ],
234 silly audit   '@babel/helper-string-parser': [ '7.27.1' ],
234 silly audit   '@babel/helper-validator-identifier': [ '7.28.5' ],
234 silly audit   '@babel/helper-validator-option': [ '7.27.1' ],
234 silly audit   '@babel/helpers': [ '7.29.2' ],
234 silly audit   '@babel/parser': [ '7.29.2' ],
234 silly audit   '@babel/template': [ '7.28.6' ],
234 silly audit   '@babel/traverse': [ '7.29.0' ],
234 silly audit   '@babel/types': [ '7.29.0' ],
234 silly audit   '@emnapi/core': [ '1.9.2' ],
234 silly audit   '@emnapi/runtime': [ '1.9.2' ],
234 silly audit   '@emnapi/wasi-threads': [ '1.2.1' ],
234 silly audit   '@eslint-community/eslint-utils': [ '4.9.1' ],
234 silly audit   'eslint-visitor-keys': [ '3.4.3', '5.0.1', '4.2.1' ],
234 silly audit   '@eslint-community/regexpp': [ '4.12.2' ],
234 silly audit   '@eslint/config-array': [ '0.21.2' ],
234 silly audit   '@eslint/config-helpers': [ '0.4.2' ],
234 silly audit   '@eslint/core': [ '0.17.0' ],
234 silly audit   '@eslint/eslintrc': [ '3.3.5' ],
234 silly audit   '@eslint/js': [ '9.39.4' ],
234 silly audit   '@eslint/object-schema': [ '2.1.7' ],
234 silly audit   '@eslint/plugin-kit': [ '0.4.1' ],
234 silly audit   '@humanfs/core': [ '0.19.1' ],
234 silly audit   '@humanfs/node': [ '0.16.7' ],
234 silly audit   '@humanwhocodes/module-importer': [ '1.0.1' ],
234 silly audit   '@humanwhocodes/retry': [ '0.4.3' ],
234 silly audit   '@img/colour': [ '1.1.0' ],
234 silly audit   '@img/sharp-darwin-arm64': [ '0.34.5' ],
234 silly audit   '@img/sharp-darwin-x64': [ '0.34.5' ],
234 silly audit   '@img/sharp-libvips-darwin-arm64': [ '1.2.4' ],
234 silly audit   '@img/sharp-libvips-darwin-x64': [ '1.2.4' ],
234 silly audit   '@img/sharp-libvips-linux-arm': [ '1.2.4' ],
234 silly audit   '@img/sharp-libvips-linux-arm64': [ '1.2.4' ],
234 silly audit   '@img/sharp-libvips-linux-ppc64': [ '1.2.4' ],
234 silly audit   '@img/sharp-libvips-linux-riscv64': [ '1.2.4' ],
234 silly audit   '@img/sharp-libvips-linux-s390x': [ '1.2.4' ],
234 silly audit   '@img/sharp-libvips-linux-x64': [ '1.2.4' ],
234 silly audit   '@img/sharp-libvips-linuxmusl-arm64': [ '1.2.4' ],
234 silly audit   '@img/sharp-libvips-linuxmusl-x64': [ '1.2.4' ],
234 silly audit   '@img/sharp-linux-arm': [ '0.34.5' ],
234 silly audit   '@img/sharp-linux-arm64': [ '0.34.5' ],
234 silly audit   '@img/sharp-linux-ppc64': [ '0.34.5' ],
234 silly audit   '@img/sharp-linux-riscv64': [ '0.34.5' ],
234 silly audit   '@img/sharp-linux-s390x': [ '0.34.5' ],
234 silly audit   '@img/sharp-linux-x64': [ '0.34.5' ],
234 silly audit   '@img/sharp-linuxmusl-arm64': [ '0.34.5' ],
234 silly audit   '@img/sharp-linuxmusl-x64': [ '0.34.5' ],
234 silly audit   '@img/sharp-wasm32': [ '0.34.5' ],
234 silly audit   '@img/sharp-win32-arm64': [ '0.34.5' ],
234 silly audit   '@img/sharp-win32-ia32': [ '0.34.5' ],
234 silly audit   '@img/sharp-win32-x64': [ '0.34.5' ],
234 silly audit   '@jridgewell/gen-mapping': [ '0.3.13' ],
234 silly audit   '@jridgewell/remapping': [ '2.3.5' ],
234 silly audit   '@jridgewell/resolve-uri': [ '3.1.2' ],
234 silly audit   '@jridgewell/sourcemap-codec': [ '1.5.5' ],
234 silly audit   '@jridgewell/trace-mapping': [ '0.3.31' ],
234 silly audit   '@napi-rs/wasm-runtime': [ '0.2.12' ],
234 silly audit   '@next/env': [ '16.2.2' ],
234 silly audit   '@next/eslint-plugin-next': [ '16.2.2' ],
234 silly audit   '@next/swc-darwin-arm64': [ '16.2.2' ],
234 silly audit   '@next/swc-darwin-x64': [ '16.2.2' ],
234 silly audit   '@next/swc-linux-arm64-gnu': [ '16.2.2' ],
234 silly audit   '@next/swc-linux-arm64-musl': [ '16.2.2' ],
234 silly audit   '@next/swc-linux-x64-gnu': [ '16.2.2' ],
234 silly audit   '@next/swc-linux-x64-musl': [ '16.2.2' ],
234 silly audit   '@next/swc-win32-arm64-msvc': [ '16.2.2' ],
234 silly audit   '@next/swc-win32-x64-msvc': [ '16.2.2' ],
234 silly audit   '@nodelib/fs.scandir': [ '2.1.5' ],
234 silly audit   '@nodelib/fs.stat': [ '2.0.5' ],
234 silly audit   '@nodelib/fs.walk': [ '1.2.8' ],
234 silly audit   '@nolyfill/is-core-module': [ '1.0.39' ],
234 silly audit   '@reduxjs/toolkit': [ '2.11.2' ],
234 silly audit   immer: [ '11.1.4', '10.2.0' ],
234 silly audit   '@rtsao/scc': [ '1.1.0' ],
234 silly audit   '@standard-schema/spec': [ '1.1.0' ],
234 silly audit   '@standard-schema/utils': [ '0.3.0' ],
234 silly audit   '@swc/helpers': [ '0.5.15' ],
234 silly audit   '@tailwindcss/node': [ '4.2.2' ],
234 silly audit   '@tailwindcss/oxide': [ '4.2.2' ],
234 silly audit   '@tailwindcss/oxide-android-arm64': [ '4.2.2' ],
234 silly audit   '@tailwindcss/oxide-darwin-arm64': [ '4.2.2' ],
234 silly audit   '@tailwindcss/oxide-darwin-x64': [ '4.2.2' ],
234 silly audit   '@tailwindcss/oxide-freebsd-x64': [ '4.2.2' ],
234 silly audit   '@tailwindcss/oxide-linux-arm-gnueabihf': [ '4.2.2' ],
234 silly audit   '@tailwindcss/oxide-linux-arm64-gnu': [ '4.2.2' ],
234 silly audit   '@tailwindcss/oxide-linux-arm64-musl': [ '4.2.2' ],
234 silly audit   '@tailwindcss/oxide-linux-x64-gnu': [ '4.2.2' ],
234 silly audit   '@tailwindcss/oxide-linux-x64-musl': [ '4.2.2' ],
234 silly audit   '@tailwindcss/oxide-wasm32-wasi': [ '4.2.2' ],
234 silly audit   '@tailwindcss/oxide-win32-arm64-msvc': [ '4.2.2' ],
234 silly audit   '@tailwindcss/oxide-win32-x64-msvc': [ '4.2.2' ],
234 silly audit   '@tailwindcss/postcss': [ '4.2.2' ],
234 silly audit   '@tybys/wasm-util': [ '0.10.1' ],
234 silly audit   '@types/d3-array': [ '3.2.2' ],
234 silly audit   '@types/d3-color': [ '3.1.3' ],
234 silly audit   '@types/d3-ease': [ '3.0.2' ],
234 silly audit   '@types/d3-interpolate': [ '3.0.4' ],
234 silly audit   '@types/d3-path': [ '3.1.1' ],
234 silly audit   '@types/d3-scale': [ '4.0.9' ],
234 silly audit   '@types/d3-shape': [ '3.1.8' ],
234 silly audit   '@types/d3-time': [ '3.0.4' ],
234 silly audit   '@types/d3-timer': [ '3.0.2' ],
234 silly audit   '@types/estree': [ '1.0.8' ],
234 silly audit   '@types/json-schema': [ '7.0.15' ],
234 silly audit   '@types/json5': [ '0.0.29' ],
234 silly audit   '@types/node': [ '20.19.39' ],
234 silly audit   '@types/react': [ '19.2.14' ],
234 silly audit   '@types/react-dom': [ '19.2.3' ],
234 silly audit   '@types/use-sync-external-store': [ '0.0.6' ],
234 silly audit   '@typescript-eslint/eslint-plugin': [ '8.58.0' ],
234 silly audit   ignore: [ '7.0.5', '5.3.2' ],
234 silly audit   '@typescript-eslint/parser': [ '8.58.0' ],
234 silly audit   '@typescript-eslint/project-service': [ '8.58.0' ],
234 silly audit   '@typescript-eslint/scope-manager': [ '8.58.0' ],
234 silly audit   '@typescript-eslint/tsconfig-utils': [ '8.58.0' ],
234 silly audit   '@typescript-eslint/type-utils': [ '8.58.0' ],
234 silly audit   '@typescript-eslint/types': [ '8.58.0' ],
234 silly audit   '@typescript-eslint/typescript-estree': [ '8.58.0' ],
234 silly audit   'balanced-match': [ '4.0.4', '1.0.2' ],
234 silly audit   'brace-expansion': [ '5.0.5', '1.1.13' ],
234 silly audit   minimatch: [ '10.2.5', '3.1.5' ],
234 silly audit   semver: [ '7.7.4', '6.3.1' ],
234 silly audit   '@typescript-eslint/utils': [ '8.58.0' ],
234 silly audit   '@typescript-eslint/visitor-keys': [ '8.58.0' ],
234 silly audit   '@unrs/resolver-binding-android-arm-eabi': [ '1.11.1' ],
234 silly audit   '@unrs/resolver-binding-android-arm64': [ '1.11.1' ],
234 silly audit   '@unrs/resolver-binding-darwin-arm64': [ '1.11.1' ],
234 silly audit   '@unrs/resolver-binding-darwin-x64': [ '1.11.1' ],
234 silly audit   '@unrs/resolver-binding-freebsd-x64': [ '1.11.1' ],
234 silly audit   '@unrs/resolver-binding-linux-arm-gnueabihf': [ '1.11.1' ],
234 silly audit   '@unrs/resolver-binding-linux-arm-musleabihf': [ '1.11.1' ],
234 silly audit   '@unrs/resolver-binding-linux-arm64-gnu': [ '1.11.1' ],
234 silly audit   '@unrs/resolver-binding-linux-arm64-musl': [ '1.11.1' ],
234 silly audit   '@unrs/resolver-binding-linux-ppc64-gnu': [ '1.11.1' ],
234 silly audit   '@unrs/resolver-binding-linux-riscv64-gnu': [ '1.11.1' ],
234 silly audit   '@unrs/resolver-binding-linux-riscv64-musl': [ '1.11.1' ],
234 silly audit   '@unrs/resolver-binding-linux-s390x-gnu': [ '1.11.1' ],
234 silly audit   '@unrs/resolver-binding-linux-x64-gnu': [ '1.11.1' ],
234 silly audit   '@unrs/resolver-binding-linux-x64-musl': [ '1.11.1' ],
234 silly audit   '@unrs/resolver-binding-wasm32-wasi': [ '1.11.1' ],
234 silly audit   '@unrs/resolver-binding-win32-arm64-msvc': [ '1.11.1' ],
234 silly audit   '@unrs/resolver-binding-win32-ia32-msvc': [ '1.11.1' ],
234 silly audit   '@unrs/resolver-binding-win32-x64-msvc': [ '1.11.1' ],
234 silly audit   acorn: [ '8.16.0' ],
234 silly audit   'acorn-jsx': [ '5.3.2' ],
234 silly audit   ajv: [ '6.14.0' ],
234 silly audit   'ansi-escapes': [ '7.3.0' ],
234 silly audit   'ansi-regex': [ '6.2.2' ],
234 silly audit   'ansi-styles': [ '4.3.0', '6.2.3' ],
234 silly audit   argparse: [ '2.0.1' ],
234 silly audit   'aria-query': [ '5.3.2' ],
234 silly audit   'array-buffer-byte-length': [ '1.0.2' ],
234 silly audit   'array-includes': [ '3.1.9' ],
234 silly audit   'array.prototype.findlast': [ '1.2.5' ],
234 silly audit   'array.prototype.findlastindex': [ '1.2.6' ],
234 silly audit   'array.prototype.flat': [ '1.3.3' ],
234 silly audit   'array.prototype.flatmap': [ '1.3.3' ],
234 silly audit   'array.prototype.tosorted': [ '1.1.4' ],
234 silly audit   'arraybuffer.prototype.slice': [ '1.0.4' ],
234 silly audit   'ast-types-flow': [ '0.0.8' ],
234 silly audit   'async-function': [ '1.0.0' ],
234 silly audit   'available-typed-arrays': [ '1.0.7' ],
234 silly audit   'axe-core': [ '4.11.2' ],
234 silly audit   'axobject-query': [ '4.1.0' ],
234 silly audit   'baseline-browser-mapping': [ '2.10.14' ],
234 silly audit   braces: [ '3.0.3' ],
234 silly audit   browserslist: [ '4.28.2' ],
234 silly audit   'call-bind': [ '1.0.8' ],
234 silly audit   'call-bind-apply-helpers': [ '1.0.2' ],
234 silly audit   'call-bound': [ '1.0.4' ],
234 silly audit   callsites: [ '3.1.0' ],
234 silly audit   'caniuse-lite': [ '1.0.30001784' ],
234 silly audit   chalk: [ '4.1.2' ],
234 silly audit   'cli-cursor': [ '5.0.0' ],
234 silly audit   'cli-truncate': [ '5.2.0' ],
234 silly audit   'client-only': [ '0.0.1' ],
234 silly audit   clsx: [ '2.1.1' ],
234 silly audit   'color-convert': [ '2.0.1' ],
234 silly audit   'color-name': [ '1.1.4' ],
234 silly audit   colorette: [ '2.0.20' ],
234 silly audit   commander: [ '14.0.3' ],
234 silly audit   'concat-map': [ '0.0.1' ],
234 silly audit   'convert-source-map': [ '2.0.0' ],
234 silly audit   'cross-spawn': [ '7.0.6' ],
234 silly audit   csstype: [ '3.2.3' ],
234 silly audit   'd3-array': [ '3.2.4' ],
234 silly audit   'd3-color': [ '3.1.0' ],
234 silly audit   'd3-ease': [ '3.0.1' ],
234 silly audit   'd3-format': [ '3.1.2' ],
234 silly audit   'd3-interpolate': [ '3.0.1' ],
234 silly audit   'd3-path': [ '3.1.0' ],
234 silly audit   'd3-scale': [ '4.0.2' ],
234 silly audit   'd3-shape': [ '3.2.0' ],
234 silly audit   'd3-time': [ '3.1.0' ],
234 silly audit   'd3-time-format': [ '4.1.0' ],
234 silly audit   'd3-timer': [ '3.0.1' ],
234 silly audit   'damerau-levenshtein': [ '1.0.8' ],
234 silly audit   'data-view-buffer': [ '1.0.2' ],
234 silly audit   'data-view-byte-length': [ '1.0.2' ],
234 silly audit   'data-view-byte-offset': [ '1.0.1' ],
234 silly audit   debug: [ '4.4.3', '3.2.7' ],
234 silly audit   'decimal.js-light': [ '2.5.1' ],
234 silly audit   'deep-is': [ '0.1.4' ],
234 silly audit   'define-data-property': [ '1.1.4' ],
234 silly audit   'define-properties': [ '1.2.1' ],
234 silly audit   'detect-libc': [ '2.1.2' ],
234 silly audit   doctrine: [ '2.1.0' ],
234 silly audit   'dunder-proto': [ '1.0.1' ],
234 silly audit   'electron-to-chromium': [ '1.5.331' ],
234 silly audit   'emoji-regex': [ '9.2.2', '10.6.0' ],
234 silly audit   'enhanced-resolve': [ '5.20.1' ],
234 silly audit   environment: [ '1.1.0' ],
234 silly audit   'es-abstract': [ '1.24.1' ],
234 silly audit   'es-define-property': [ '1.0.1' ],
234 silly audit   'es-errors': [ '1.3.0' ],
234 silly audit   'es-iterator-helpers': [ '1.3.1' ],
234 silly audit   'es-object-atoms': [ '1.1.1' ],
234 silly audit   'es-set-tostringtag': [ '2.1.0' ],
234 silly audit   'es-shim-unscopables': [ '1.1.0' ],
234 silly audit   'es-to-primitive': [ '1.3.0' ],
234 silly audit   'es-toolkit': [ '1.45.1' ],
234 silly audit   escalade: [ '3.2.0' ],
234 silly audit   'escape-string-regexp': [ '4.0.0' ],
234 silly audit   eslint: [ '9.39.4' ],
234 silly audit   'eslint-config-next': [ '16.2.2' ],
234 silly audit   globals: [ '16.4.0', '14.0.0' ],
234 silly audit   'eslint-import-resolver-node': [ '0.3.10' ],
234 silly audit   'eslint-import-resolver-typescript': [ '3.10.1' ],
234 silly audit   'eslint-module-utils': [ '2.12.1' ],
234 silly audit   'eslint-plugin-import': [ '2.32.0' ],
234 silly audit   'eslint-plugin-jsx-a11y': [ '6.10.2' ],
234 silly audit   'eslint-plugin-react': [ '7.37.5' ],
234 silly audit   'eslint-plugin-react-hooks': [ '7.0.1' ],
234 silly audit   'eslint-plugin-tailwindcss': [ '3.18.2' ],
234 silly audit   'eslint-scope': [ '8.4.0' ],
234 silly audit   espree: [ '10.4.0' ],
234 silly audit   esquery: [ '1.7.0' ],
234 silly audit   esrecurse: [ '4.3.0' ],
234 silly audit   estraverse: [ '5.3.0' ],
234 silly audit   esutils: [ '2.0.3' ],
234 silly audit   eventemitter3: [ '5.0.4' ],
234 silly audit   'fast-deep-equal': [ '3.1.3' ],
234 silly audit   'fast-glob': [ '3.3.1' ],
234 silly audit   'glob-parent': [ '5.1.2', '6.0.2' ],
234 silly audit   'fast-json-stable-stringify': [ '2.1.0' ],
234 silly audit   'fast-levenshtein': [ '2.0.6' ],
234 silly audit   fastq: [ '1.20.1' ],
234 silly audit   'file-entry-cache': [ '8.0.0' ],
234 silly audit   'fill-range': [ '7.1.1' ],
234 silly audit   'find-up': [ '5.0.0' ],
234 silly audit   'flat-cache': [ '4.0.1' ],
234 silly audit   flatted: [ '3.4.2' ],
234 silly audit   'for-each': [ '0.3.5' ],
234 silly audit   'function-bind': [ '1.1.2' ],
234 silly audit   'function.prototype.name': [ '1.1.8' ],
234 silly audit   'functions-have-names': [ '1.2.3' ],
234 silly audit   'generator-function': [ '2.0.1' ],
234 silly audit   gensync: [ '1.0.0-beta.2' ],
234 silly audit   'get-east-asian-width': [ '1.5.0' ],
234 silly audit   'get-intrinsic': [ '1.3.0' ],
234 silly audit   'get-proto': [ '1.0.1' ],
234 silly audit   'get-symbol-description': [ '1.1.0' ],
234 silly audit   'get-tsconfig': [ '4.13.7' ],
234 silly audit   globalthis: [ '1.0.4' ],
234 silly audit   gopd: [ '1.2.0' ],
234 silly audit   'graceful-fs': [ '4.2.11' ],
234 silly audit   'has-bigints': [ '1.1.0' ],
234 silly audit   'has-flag': [ '4.0.0' ],
234 silly audit   'has-property-descriptors': [ '1.0.2' ],
234 silly audit   'has-proto': [ '1.2.0' ],
234 silly audit   'has-symbols': [ '1.1.0' ],
234 silly audit   'has-tostringtag': [ '1.0.2' ],
234 silly audit   hasown: [ '2.0.2' ],
234 silly audit   'hermes-estree': [ '0.25.1' ],
234 silly audit   'hermes-parser': [ '0.25.1' ],
234 silly audit   husky: [ '9.1.7' ],
234 silly audit   'import-fresh': [ '3.3.1' ],
234 silly audit   imurmurhash: [ '0.1.4' ],
234 silly audit   'internal-slot': [ '1.1.0' ],
234 silly audit   internmap: [ '2.0.3' ],
234 silly audit   'is-array-buffer': [ '3.0.5' ],
234 silly audit   'is-async-function': [ '2.1.1' ],
234 silly audit   'is-bigint': [ '1.1.0' ],
234 silly audit   'is-boolean-object': [ '1.2.2' ],
234 silly audit   'is-bun-module': [ '2.0.0' ],
234 silly audit   'is-callable': [ '1.2.7' ],
234 silly audit   'is-core-module': [ '2.16.1' ],
234 silly audit   'is-data-view': [ '1.0.2' ],
234 silly audit   'is-date-object': [ '1.1.0' ],
234 silly audit   'is-extglob': [ '2.1.1' ],
234 silly audit   'is-finalizationregistry': [ '1.1.1' ],
234 silly audit   'is-fullwidth-code-point': [ '5.1.0' ],
234 silly audit   'is-generator-function': [ '1.1.2' ],
234 silly audit   'is-glob': [ '4.0.3' ],
234 silly audit   'is-map': [ '2.0.3' ],
234 silly audit   'is-negative-zero': [ '2.0.3' ],
234 silly audit   'is-number': [ '7.0.0' ],
234 silly audit   'is-number-object': [ '1.1.1' ],
234 silly audit   'is-regex': [ '1.2.1' ],
234 silly audit   'is-set': [ '2.0.3' ],
234 silly audit   'is-shared-array-buffer': [ '1.0.4' ],
234 silly audit   'is-string': [ '1.1.1' ],
234 silly audit   'is-symbol': [ '1.1.1' ],
234 silly audit   'is-typed-array': [ '1.1.15' ],
234 silly audit   'is-weakmap': [ '2.0.2' ],
234 silly audit   'is-weakref': [ '1.1.1' ],
234 silly audit   'is-weakset': [ '2.0.4' ],
234 silly audit   isarray: [ '2.0.5' ],
234 silly audit   isexe: [ '2.0.0' ],
234 silly audit   'iterator.prototype': [ '1.1.5' ],
234 silly audit   jiti: [ '2.6.1' ],
234 silly audit   'js-tokens': [ '4.0.0' ],
234 silly audit   'js-yaml': [ '4.1.1' ],
234 silly audit   jsesc: [ '3.1.0' ],
234 silly audit   'json-buffer': [ '3.0.1' ],
234 silly audit   'json-schema-traverse': [ '0.4.1' ],
234 silly audit   'json-stable-stringify-without-jsonify': [ '1.0.1' ],
234 silly audit   json5: [ '2.2.3', '1.0.2' ],
234 silly audit   'jsx-ast-utils': [ '3.3.5' ],
234 silly audit   keyv: [ '4.5.4' ],
234 silly audit   'language-subtag-registry': [ '0.3.23' ],
234 silly audit   'language-tags': [ '1.0.9' ],
234 silly audit   levn: [ '0.4.1' ],
234 silly audit   lightningcss: [ '1.32.0' ],
234 silly audit   'lightningcss-android-arm64': [ '1.32.0' ],
234 silly audit   'lightningcss-darwin-arm64': [ '1.32.0' ],
234 silly audit   'lightningcss-darwin-x64': [ '1.32.0' ],
234 silly audit   'lightningcss-freebsd-x64': [ '1.32.0' ],
234 silly audit   'lightningcss-linux-arm-gnueabihf': [ '1.32.0' ],
234 silly audit   'lightningcss-linux-arm64-gnu': [ '1.32.0' ],
234 silly audit   'lightningcss-linux-arm64-musl': [ '1.32.0' ],
234 silly audit   'lightningcss-linux-x64-gnu': [ '1.32.0' ],
234 silly audit   'lightningcss-linux-x64-musl': [ '1.32.0' ],
234 silly audit   'lightningcss-win32-arm64-msvc': [ '1.32.0' ],
234 silly audit   'lightningcss-win32-x64-msvc': [ '1.32.0' ],
234 silly audit   'lint-staged': [ '16.4.0' ],
234 silly audit   picomatch: [ '4.0.4', '2.3.2' ],
234 silly audit   listr2: [ '9.0.5' ],
234 silly audit   'locate-path': [ '6.0.0' ],
234 silly audit   'lodash.merge': [ '4.6.2' ],
234 silly audit   'log-update': [ '6.1.0' ],
234 silly audit   'slice-ansi': [ '7.1.2', '8.0.0' ],
234 silly audit   'loose-envify': [ '1.4.0' ],
234 silly audit   'lru-cache': [ '5.1.1' ],
234 silly audit   'magic-string': [ '0.30.21' ],
234 silly audit   'math-intrinsics': [ '1.1.0' ],
234 silly audit   merge2: [ '1.4.1' ],
234 silly audit   micromatch: [ '4.0.8' ],
234 silly audit   'mimic-function': [ '5.0.1' ],
234 silly audit   minimist: [ '1.2.8' ],
234 silly audit   'motion-dom': [ '12.38.0' ],
234 silly audit   'motion-utils': [ '12.36.0' ],
234 silly audit   ms: [ '2.1.3' ],
234 silly audit   nanoid: [ '3.3.11' ],
234 silly audit   'napi-postinstall': [ '0.3.4' ],
234 silly audit   'natural-compare': [ '1.4.0' ],
234 silly audit   next: [ '16.2.2' ],
234 silly audit   'next-themes': [ '0.4.6' ],
234 silly audit   postcss: [ '8.4.31', '8.5.8' ],
234 silly audit   'node-exports-info': [ '1.6.0' ],
234 silly audit   'node-releases': [ '2.0.37' ],
234 silly audit   'object-assign': [ '4.1.1' ],
234 silly audit   'object-inspect': [ '1.13.4' ],
234 silly audit   'object-keys': [ '1.1.1' ],
234 silly audit   'object.assign': [ '4.1.7' ],
234 silly audit   'object.entries': [ '1.1.9' ],
234 silly audit   'object.fromentries': [ '2.0.8' ],
234 silly audit   'object.groupby': [ '1.0.3' ],
234 silly audit   'object.values': [ '1.2.1' ],
234 silly audit   onetime: [ '7.0.0' ],
234 silly audit   optionator: [ '0.9.4' ],
234 silly audit   'own-keys': [ '1.0.1' ],
234 silly audit   'p-limit': [ '3.1.0' ],
234 silly audit   'p-locate': [ '5.0.0' ],
234 silly audit   'parent-module': [ '1.0.1' ],
234 silly audit   'path-exists': [ '4.0.0' ],
234 silly audit   'path-key': [ '3.1.1' ],
234 silly audit   'path-parse': [ '1.0.7' ],
234 silly audit   picocolors: [ '1.1.1' ],
234 silly audit   'possible-typed-array-names': [ '1.1.0' ],
234 silly audit   'prelude-ls': [ '1.2.1' ],
234 silly audit   prettier: [ '3.8.1' ],
234 silly audit   'prop-types': [ '15.8.1' ],
234 silly audit   punycode: [ '2.3.1' ],
234 silly audit   'queue-microtask': [ '1.2.3' ],
234 silly audit   react: [ '19.2.4' ],
234 silly audit   'react-dom': [ '19.2.4' ],
234 silly audit   'react-is': [ '16.13.1' ],
234 silly audit   'react-redux': [ '9.2.0' ],
234 silly audit   redux: [ '5.0.1' ],
234 silly audit   'redux-thunk': [ '3.1.0' ],
234 silly audit   'reflect.getprototypeof': [ '1.0.10' ],
234 silly audit   'regexp.prototype.flags': [ '1.5.4' ],
234 silly audit   reselect: [ '5.1.1' ],
234 silly audit   resolve: [ '2.0.0-next.6' ],
234 silly audit   'resolve-from': [ '4.0.0' ],
234 silly audit   'resolve-pkg-maps': [ '1.0.0' ],
234 silly audit   'restore-cursor': [ '5.1.0' ],
234 silly audit   reusify: [ '1.1.0' ],
234 silly audit   rfdc: [ '1.4.1' ],
234 silly audit   'run-parallel': [ '1.2.0' ],
234 silly audit   'safe-array-concat': [ '1.1.3' ],
234 silly audit   'safe-push-apply': [ '1.0.0' ],
234 silly audit   'safe-regex-test': [ '1.1.0' ],
234 silly audit   scheduler: [ '0.27.0' ],
234 silly audit   'set-function-length': [ '1.2.2' ],
234 silly audit   'set-function-name': [ '2.0.2' ],
234 silly audit   'set-proto': [ '1.0.0' ],
234 silly audit   sharp: [ '0.34.5' ],
234 silly audit   'shebang-command': [ '2.0.0' ],
234 silly audit   'shebang-regex': [ '3.0.0' ],
234 silly audit   'side-channel': [ '1.1.0' ],
234 silly audit   'side-channel-list': [ '1.0.0' ],
234 silly audit   'side-channel-map': [ '1.0.1' ],
234 silly audit   'side-channel-weakmap': [ '1.0.2' ],
234 silly audit   'signal-exit': [ '4.1.0' ],
234 silly audit   'source-map-js': [ '1.2.1' ],
234 silly audit   'stable-hash': [ '0.0.5' ],
234 silly audit   'stop-iteration-iterator': [ '1.1.0' ],
234 silly audit   'string-argv': [ '0.3.2' ],
234 silly audit   'string-width': [ '8.2.0', '7.2.0' ],
234 silly audit   'string.prototype.includes': [ '2.0.1' ],
234 silly audit   'string.prototype.matchall': [ '4.0.12' ],
234 silly audit   'string.prototype.repeat': [ '1.0.0' ],
234 silly audit   'string.prototype.trim': [ '1.2.10' ],
234 silly audit   'string.prototype.trimend': [ '1.0.9' ],
234 silly audit   'string.prototype.trimstart': [ '1.0.8' ],
234 silly audit   'strip-ansi': [ '7.2.0' ],
234 silly audit   'strip-bom': [ '3.0.0' ],
234 silly audit   'strip-json-comments': [ '3.1.1' ],
234 silly audit   'styled-jsx': [ '5.1.6' ],
234 silly audit   'supports-color': [ '7.2.0' ],
234 silly audit   'supports-preserve-symlinks-flag': [ '1.0.0' ],
234 silly audit   tailwindcss: [ '4.2.2' ],
234 silly audit   tapable: [ '2.3.2' ],
234 silly audit   'tiny-invariant': [ '1.3.3' ],
234 silly audit   tinyexec: [ '1.0.4' ],
234 silly audit   tinyglobby: [ '0.2.15' ],
234 silly audit   fdir: [ '6.5.0' ],
234 silly audit   'to-regex-range': [ '5.0.1' ],
234 silly audit   'ts-api-utils': [ '2.5.0' ],
234 silly audit   'tsconfig-paths': [ '3.15.0' ],
234 silly audit   tslib: [ '2.8.1' ],
234 silly audit   'type-check': [ '0.4.0' ],
234 silly audit   'typed-array-buffer': [ '1.0.3' ],
234 silly audit   'typed-array-byte-length': [ '1.0.3' ],
234 silly audit   'typed-array-byte-offset': [ '1.0.4' ],
234 silly audit   'typed-array-length': [ '1.0.7' ],
234 silly audit   typescript: [ '5.9.3' ],
234 silly audit   'typescript-eslint': [ '8.58.0' ],
234 silly audit   'unbox-primitive': [ '1.1.0' ],
234 silly audit   'undici-types': [ '6.21.0' ],
234 silly audit   'unrs-resolver': [ '1.11.1' ],
234 silly audit   'update-browserslist-db': [ '1.2.3' ],
234 silly audit   'uri-js': [ '4.4.1' ],
234 silly audit   'use-sync-external-store': [ '1.6.0' ],
234 silly audit   'victory-vendor': [ '37.3.6' ],
234 silly audit   which: [ '2.0.2' ],
234 silly audit   'which-boxed-primitive': [ '1.1.1' ],
234 silly audit   'which-builtin-type': [ '1.2.1' ],
234 silly audit   'which-collection': [ '1.0.2' ],
234 silly audit   'which-typed-array': [ '1.1.20' ],
234 silly audit   'word-wrap': [ '1.2.5' ],
234 silly audit   'wrap-ansi': [ '9.0.2' ],
234 silly audit   yallist: [ '3.1.1' ],
234 silly audit   yaml: [ '2.8.3' ],
234 silly audit   'yocto-queue': [ '0.1.0' ],
234 silly audit   'zod-validation-error': [ '4.0.2' ],
234 silly audit   '@hookform/resolvers': [ '5.2.2' ],
234 silly audit   '@tanstack/react-table': [ '8.21.3' ],
234 silly audit   cmdk: [ '1.1.1' ],
234 silly audit   'framer-motion': [ '12.38.0' ],
234 silly audit   'lucide-react': [ '1.7.0' ],
234 silly audit   recharts: [ '3.8.1' ],
234 silly audit   'socket.io-client': [ '4.8.3' ],
234 silly audit   zod: [ '4.3.6' ],
234 silly audit   '@tanstack/table-core': [ '8.21.3' ],
234 silly audit   '@radix-ui/react-compose-refs': [ '1.1.2' ],
234 silly audit   '@radix-ui/react-dialog': [ '1.1.15' ],
234 silly audit   '@radix-ui/react-id': [ '1.1.1' ],
234 silly audit   '@radix-ui/react-primitive': [ '2.1.4', '2.1.3' ],
234 silly audit   '@radix-ui/primitive': [ '1.1.3' ],
234 silly audit   '@radix-ui/react-context': [ '1.1.2' ],
234 silly audit   '@radix-ui/react-dismissable-layer': [ '1.1.11' ],
234 silly audit   '@radix-ui/react-focus-guards': [ '1.1.3' ],
234 silly audit   '@radix-ui/react-focus-scope': [ '1.1.7' ],
234 silly audit   '@radix-ui/react-portal': [ '1.1.9' ],
234 silly audit   '@radix-ui/react-presence': [ '1.1.5' ],
234 silly audit   '@radix-ui/react-slot': [ '1.2.3', '1.2.4' ],
234 silly audit   '@radix-ui/react-use-controllable-state': [ '1.2.2' ],
234 silly audit   'aria-hidden': [ '1.2.6' ],
234 silly audit   'react-remove-scroll': [ '2.7.2' ],
234 silly audit   '@radix-ui/react-use-callback-ref': [ '1.1.1' ],
234 silly audit   '@radix-ui/react-use-escape-keydown': [ '1.1.1' ],
234 silly audit   '@radix-ui/react-use-layout-effect': [ '1.1.1' ],
234 silly audit   '@radix-ui/react-use-effect-event': [ '0.0.2' ],
234 silly audit   'react-remove-scroll-bar': [ '2.3.8' ],
234 silly audit   'react-style-singleton': [ '2.2.3' ],
234 silly audit   'use-callback-ref': [ '1.3.3' ],
234 silly audit   'use-sidecar': [ '1.1.3' ],
234 silly audit   'get-nonce': [ '1.0.1' ],
234 silly audit   '@socket.io/component-emitter': [ '3.1.2' ],
234 silly audit   'engine.io-client': [ '6.6.4' ],
234 silly audit   'socket.io-parser': [ '4.2.6' ],
234 silly audit   'engine.io-parser': [ '5.2.3' ],
234 silly audit   ws: [ '8.18.3' ],
234 silly audit   'xmlhttprequest-ssl': [ '2.1.2' ],
234 silly audit   'detect-node-es': [ '1.1.0' ]
234 silly audit }
235 http cache detect-node-es@https://registry.npmjs.org/detect-node-es/-/detect-node-es-1.1.0.tgz 0ms (cache hit)
236 http cache ws@https://registry.npmjs.org/ws/-/ws-8.18.3.tgz 0ms (cache hit)
237 http cache xmlhttprequest-ssl@https://registry.npmjs.org/xmlhttprequest-ssl/-/xmlhttprequest-ssl-2.1.2.tgz 0ms (cache hit)
238 http cache engine.io-parser@https://registry.npmjs.org/engine.io-parser/-/engine.io-parser-5.2.3.tgz 0ms (cache hit)
239 http cache socket.io-parser@https://registry.npmjs.org/socket.io-parser/-/socket.io-parser-4.2.6.tgz 0ms (cache hit)
240 http cache get-nonce@https://registry.npmjs.org/get-nonce/-/get-nonce-1.0.1.tgz 0ms (cache hit)
241 http cache engine.io-client@https://registry.npmjs.org/engine.io-client/-/engine.io-client-6.6.4.tgz 0ms (cache hit)
242 http cache @socket.io/component-emitter@https://registry.npmjs.org/@socket.io/component-emitter/-/component-emitter-3.1.2.tgz 0ms (cache hit)
243 http cache use-callback-ref@https://registry.npmjs.org/use-callback-ref/-/use-callback-ref-1.3.3.tgz 0ms (cache hit)
244 http cache use-sidecar@https://registry.npmjs.org/use-sidecar/-/use-sidecar-1.1.3.tgz 0ms (cache hit)
245 http cache react-remove-scroll-bar@https://registry.npmjs.org/react-remove-scroll-bar/-/react-remove-scroll-bar-2.3.8.tgz 0ms (cache hit)
246 http cache react-style-singleton@https://registry.npmjs.org/react-style-singleton/-/react-style-singleton-2.2.3.tgz 0ms (cache hit)
247 http cache @radix-ui/react-use-effect-event@https://registry.npmjs.org/@radix-ui/react-use-effect-event/-/react-use-effect-event-0.0.2.tgz 0ms (cache hit)
248 http cache @radix-ui/react-use-escape-keydown@https://registry.npmjs.org/@radix-ui/react-use-escape-keydown/-/react-use-escape-keydown-1.1.1.tgz 0ms (cache hit)
249 http cache @radix-ui/react-use-callback-ref@https://registry.npmjs.org/@radix-ui/react-use-callback-ref/-/react-use-callback-ref-1.1.1.tgz 0ms (cache hit)
250 http cache @radix-ui/react-use-layout-effect@https://registry.npmjs.org/@radix-ui/react-use-layout-effect/-/react-use-layout-effect-1.1.1.tgz 0ms (cache hit)
251 http cache react-remove-scroll@https://registry.npmjs.org/react-remove-scroll/-/react-remove-scroll-2.7.2.tgz 0ms (cache hit)
252 http cache aria-hidden@https://registry.npmjs.org/aria-hidden/-/aria-hidden-1.2.6.tgz 0ms (cache hit)
253 http cache @radix-ui/react-use-controllable-state@https://registry.npmjs.org/@radix-ui/react-use-controllable-state/-/react-use-controllable-state-1.2.2.tgz 0ms (cache hit)
254 http cache @radix-ui/react-slot@https://registry.npmjs.org/@radix-ui/react-slot/-/react-slot-1.2.3.tgz 0ms (cache hit)
255 http cache @radix-ui/react-portal@https://registry.npmjs.org/@radix-ui/react-portal/-/react-portal-1.1.9.tgz 0ms (cache hit)
256 http cache @radix-ui/react-presence@https://registry.npmjs.org/@radix-ui/react-presence/-/react-presence-1.1.5.tgz 0ms (cache hit)
257 http cache @radix-ui/react-focus-guards@https://registry.npmjs.org/@radix-ui/react-focus-guards/-/react-focus-guards-1.1.3.tgz 0ms (cache hit)
258 http cache @radix-ui/react-focus-scope@https://registry.npmjs.org/@radix-ui/react-focus-scope/-/react-focus-scope-1.1.7.tgz 0ms (cache hit)
259 http cache @radix-ui/react-dismissable-layer@https://registry.npmjs.org/@radix-ui/react-dismissable-layer/-/react-dismissable-layer-1.1.11.tgz 0ms (cache hit)
260 http cache @radix-ui/primitive@https://registry.npmjs.org/@radix-ui/primitive/-/primitive-1.1.3.tgz 0ms (cache hit)
261 http cache @radix-ui/react-context@https://registry.npmjs.org/@radix-ui/react-context/-/react-context-1.1.2.tgz 0ms (cache hit)
262 http cache @radix-ui/react-primitive@https://registry.npmjs.org/@radix-ui/react-primitive/-/react-primitive-2.1.4.tgz 0ms (cache hit)
263 http cache @radix-ui/react-id@https://registry.npmjs.org/@radix-ui/react-id/-/react-id-1.1.1.tgz 0ms (cache hit)
264 http cache @radix-ui/react-dialog@https://registry.npmjs.org/@radix-ui/react-dialog/-/react-dialog-1.1.15.tgz 0ms (cache hit)
265 http cache @radix-ui/react-compose-refs@https://registry.npmjs.org/@radix-ui/react-compose-refs/-/react-compose-refs-1.1.2.tgz 0ms (cache hit)
266 http cache socket.io-client@https://registry.npmjs.org/socket.io-client/-/socket.io-client-4.8.3.tgz 0ms (cache hit)
267 http cache @tanstack/table-core@https://registry.npmjs.org/@tanstack/table-core/-/table-core-8.21.3.tgz 0ms (cache hit)
268 http cache lucide-react@https://registry.npmjs.org/lucide-react/-/lucide-react-1.7.0.tgz 0ms (cache hit)
269 http cache cmdk@https://registry.npmjs.org/cmdk/-/cmdk-1.1.1.tgz 0ms (cache hit)
270 http cache @tanstack/react-table@https://registry.npmjs.org/@tanstack/react-table/-/react-table-8.21.3.tgz 0ms (cache hit)
271 http cache @hookform/resolvers@https://registry.npmjs.org/@hookform/resolvers/-/resolvers-5.2.2.tgz 0ms (cache hit)
272 http cache @radix-ui/react-primitive@https://registry.npmjs.org/@radix-ui/react-primitive/-/react-primitive-2.1.3.tgz 0ms (cache hit)
273 http cache @radix-ui/react-primitive@https://registry.npmjs.org/@radix-ui/react-primitive/-/react-primitive-2.1.3.tgz 0ms (cache hit)
274 http cache @radix-ui/react-primitive@https://registry.npmjs.org/@radix-ui/react-primitive/-/react-primitive-2.1.3.tgz 0ms (cache hit)
275 http cache @radix-ui/react-slot@https://registry.npmjs.org/@radix-ui/react-slot/-/react-slot-1.2.4.tgz 0ms (cache hit)
276 http cache @radix-ui/react-primitive@https://registry.npmjs.org/@radix-ui/react-primitive/-/react-primitive-2.1.3.tgz 0ms (cache hit)
277 silly tarball no local data for detect-node-es@https://registry.npmjs.org/detect-node-es/-/detect-node-es-1.1.0.tgz. Extracting by manifest.
278 silly tarball no local data for ws@https://registry.npmjs.org/ws/-/ws-8.18.3.tgz. Extracting by manifest.
279 silly tarball no local data for xmlhttprequest-ssl@https://registry.npmjs.org/xmlhttprequest-ssl/-/xmlhttprequest-ssl-2.1.2.tgz. Extracting by manifest.
280 silly tarball no local data for engine.io-parser@https://registry.npmjs.org/engine.io-parser/-/engine.io-parser-5.2.3.tgz. Extracting by manifest.
281 silly tarball no local data for socket.io-parser@https://registry.npmjs.org/socket.io-parser/-/socket.io-parser-4.2.6.tgz. Extracting by manifest.
282 silly tarball no local data for get-nonce@https://registry.npmjs.org/get-nonce/-/get-nonce-1.0.1.tgz. Extracting by manifest.
283 silly tarball no local data for engine.io-client@https://registry.npmjs.org/engine.io-client/-/engine.io-client-6.6.4.tgz. Extracting by manifest.
284 silly tarball no local data for @socket.io/component-emitter@https://registry.npmjs.org/@socket.io/component-emitter/-/component-emitter-3.1.2.tgz. Extracting by manifest.
285 silly tarball no local data for use-callback-ref@https://registry.npmjs.org/use-callback-ref/-/use-callback-ref-1.3.3.tgz. Extracting by manifest.
286 silly tarball no local data for use-sidecar@https://registry.npmjs.org/use-sidecar/-/use-sidecar-1.1.3.tgz. Extracting by manifest.
287 silly tarball no local data for react-remove-scroll-bar@https://registry.npmjs.org/react-remove-scroll-bar/-/react-remove-scroll-bar-2.3.8.tgz. Extracting by manifest.
288 silly tarball no local data for react-style-singleton@https://registry.npmjs.org/react-style-singleton/-/react-style-singleton-2.2.3.tgz. Extracting by manifest.
289 silly tarball no local data for @radix-ui/react-use-effect-event@https://registry.npmjs.org/@radix-ui/react-use-effect-event/-/react-use-effect-event-0.0.2.tgz. Extracting by manifest.
290 silly tarball no local data for @radix-ui/react-use-escape-keydown@https://registry.npmjs.org/@radix-ui/react-use-escape-keydown/-/react-use-escape-keydown-1.1.1.tgz. Extracting by manifest.
291 silly tarball no local data for @radix-ui/react-use-callback-ref@https://registry.npmjs.org/@radix-ui/react-use-callback-ref/-/react-use-callback-ref-1.1.1.tgz. Extracting by manifest.
292 silly tarball no local data for @radix-ui/react-use-layout-effect@https://registry.npmjs.org/@radix-ui/react-use-layout-effect/-/react-use-layout-effect-1.1.1.tgz. Extracting by manifest.
293 silly tarball no local data for react-remove-scroll@https://registry.npmjs.org/react-remove-scroll/-/react-remove-scroll-2.7.2.tgz. Extracting by manifest.
294 silly tarball no local data for aria-hidden@https://registry.npmjs.org/aria-hidden/-/aria-hidden-1.2.6.tgz. Extracting by manifest.
295 silly tarball no local data for @radix-ui/react-use-controllable-state@https://registry.npmjs.org/@radix-ui/react-use-controllable-state/-/react-use-controllable-state-1.2.2.tgz. Extracting by manifest.
296 silly tarball no local data for @radix-ui/react-slot@https://registry.npmjs.org/@radix-ui/react-slot/-/react-slot-1.2.3.tgz. Extracting by manifest.
297 silly tarball no local data for @radix-ui/react-portal@https://registry.npmjs.org/@radix-ui/react-portal/-/react-portal-1.1.9.tgz. Extracting by manifest.
298 silly tarball no local data for @radix-ui/react-presence@https://registry.npmjs.org/@radix-ui/react-presence/-/react-presence-1.1.5.tgz. Extracting by manifest.
299 silly tarball no local data for @radix-ui/react-focus-guards@https://registry.npmjs.org/@radix-ui/react-focus-guards/-/react-focus-guards-1.1.3.tgz. Extracting by manifest.
300 silly tarball no local data for @radix-ui/react-focus-scope@https://registry.npmjs.org/@radix-ui/react-focus-scope/-/react-focus-scope-1.1.7.tgz. Extracting by manifest.
301 silly tarball no local data for @radix-ui/react-dismissable-layer@https://registry.npmjs.org/@radix-ui/react-dismissable-layer/-/react-dismissable-layer-1.1.11.tgz. Extracting by manifest.
302 silly tarball no local data for @radix-ui/primitive@https://registry.npmjs.org/@radix-ui/primitive/-/primitive-1.1.3.tgz. Extracting by manifest.
303 silly tarball no local data for @radix-ui/react-context@https://registry.npmjs.org/@radix-ui/react-context/-/react-context-1.1.2.tgz. Extracting by manifest.
304 silly tarball no local data for @radix-ui/react-primitive@https://registry.npmjs.org/@radix-ui/react-primitive/-/react-primitive-2.1.4.tgz. Extracting by manifest.
305 silly tarball no local data for @radix-ui/react-id@https://registry.npmjs.org/@radix-ui/react-id/-/react-id-1.1.1.tgz. Extracting by manifest.
306 silly tarball no local data for @radix-ui/react-dialog@https://registry.npmjs.org/@radix-ui/react-dialog/-/react-dialog-1.1.15.tgz. Extracting by manifest.
307 silly tarball no local data for @radix-ui/react-compose-refs@https://registry.npmjs.org/@radix-ui/react-compose-refs/-/react-compose-refs-1.1.2.tgz. Extracting by manifest.
308 silly tarball no local data for socket.io-client@https://registry.npmjs.org/socket.io-client/-/socket.io-client-4.8.3.tgz. Extracting by manifest.
309 silly tarball no local data for @tanstack/table-core@https://registry.npmjs.org/@tanstack/table-core/-/table-core-8.21.3.tgz. Extracting by manifest.
310 silly tarball no local data for lucide-react@https://registry.npmjs.org/lucide-react/-/lucide-react-1.7.0.tgz. Extracting by manifest.
311 silly tarball no local data for cmdk@https://registry.npmjs.org/cmdk/-/cmdk-1.1.1.tgz. Extracting by manifest.
312 silly tarball no local data for @tanstack/react-table@https://registry.npmjs.org/@tanstack/react-table/-/react-table-8.21.3.tgz. Extracting by manifest.
313 silly tarball no local data for @hookform/resolvers@https://registry.npmjs.org/@hookform/resolvers/-/resolvers-5.2.2.tgz. Extracting by manifest.
314 silly tarball no local data for @radix-ui/react-primitive@https://registry.npmjs.org/@radix-ui/react-primitive/-/react-primitive-2.1.3.tgz. Extracting by manifest.
315 silly tarball no local data for @radix-ui/react-primitive@https://registry.npmjs.org/@radix-ui/react-primitive/-/react-primitive-2.1.3.tgz. Extracting by manifest.
316 silly tarball no local data for @radix-ui/react-primitive@https://registry.npmjs.org/@radix-ui/react-primitive/-/react-primitive-2.1.3.tgz. Extracting by manifest.
317 silly tarball no local data for @radix-ui/react-slot@https://registry.npmjs.org/@radix-ui/react-slot/-/react-slot-1.2.4.tgz. Extracting by manifest.
318 silly tarball no local data for @radix-ui/react-primitive@https://registry.npmjs.org/@radix-ui/react-primitive/-/react-primitive-2.1.3.tgz. Extracting by manifest.
319 http fetch POST 200 https://registry.npmjs.org/-/npm/v1/security/advisories/bulk 390ms
320 silly audit report {}
321 http fetch GET 200 https://registry.npmjs.org/detect-node-es/-/detect-node-es-1.1.0.tgz 364ms (cache miss)
322 http fetch GET 200 https://registry.npmjs.org/xmlhttprequest-ssl/-/xmlhttprequest-ssl-2.1.2.tgz 970ms (cache miss)
323 http fetch GET 200 https://registry.npmjs.org/@radix-ui/react-use-layout-effect/-/react-use-layout-effect-1.1.1.tgz 1032ms (cache miss)
324 http fetch GET 200 https://registry.npmjs.org/get-nonce/-/get-nonce-1.0.1.tgz 1124ms (cache miss)
325 http fetch GET 200 https://registry.npmjs.org/aria-hidden/-/aria-hidden-1.2.6.tgz 1659ms (cache miss)
326 http fetch GET 200 https://registry.npmjs.org/@radix-ui/react-id/-/react-id-1.1.1.tgz 2100ms (cache miss)
327 http fetch GET 200 https://registry.npmjs.org/@radix-ui/react-use-callback-ref/-/react-use-callback-ref-1.1.1.tgz 2272ms (cache miss)
328 http fetch GET 200 https://registry.npmjs.org/@radix-ui/react-dialog/-/react-dialog-1.1.15.tgz 2354ms (cache miss)
329 http fetch GET 200 https://registry.npmjs.org/@radix-ui/react-use-escape-keydown/-/react-use-escape-keydown-1.1.1.tgz 2375ms (cache miss)
330 http fetch GET 200 https://registry.npmjs.org/@radix-ui/react-context/-/react-context-1.1.2.tgz 3008ms (cache miss)
331 http fetch GET 200 https://registry.npmjs.org/@radix-ui/react-slot/-/react-slot-1.2.3.tgz 3232ms (cache miss)
332 http fetch GET 200 https://registry.npmjs.org/@radix-ui/react-focus-guards/-/react-focus-guards-1.1.3.tgz 3248ms (cache miss)
333 http fetch GET 200 https://registry.npmjs.org/@radix-ui/react-portal/-/react-portal-1.1.9.tgz 3290ms (cache miss)
334 http fetch GET 200 https://registry.npmjs.org/@radix-ui/primitive/-/primitive-1.1.3.tgz 3282ms (cache miss)
335 http fetch GET 200 https://registry.npmjs.org/@radix-ui/react-focus-scope/-/react-focus-scope-1.1.7.tgz 3349ms (cache miss)
336 http fetch GET 200 https://registry.npmjs.org/@radix-ui/react-use-controllable-state/-/react-use-controllable-state-1.2.2.tgz 3385ms (cache miss)
337 http fetch GET 200 https://registry.npmjs.org/@radix-ui/react-dismissable-layer/-/react-dismissable-layer-1.1.11.tgz 3570ms (cache miss)
338 http fetch GET 200 https://registry.npmjs.org/@radix-ui/react-compose-refs/-/react-compose-refs-1.1.2.tgz 3570ms (cache miss)
339 http fetch GET 200 https://registry.npmjs.org/@radix-ui/react-use-effect-event/-/react-use-effect-event-0.0.2.tgz 3593ms (cache miss)
340 http fetch GET 200 https://registry.npmjs.org/@radix-ui/react-primitive/-/react-primitive-2.1.4.tgz 3829ms (cache miss)
341 http fetch GET 200 https://registry.npmjs.org/@radix-ui/react-slot/-/react-slot-1.2.4.tgz 3831ms (cache miss)
342 http fetch GET 200 https://registry.npmjs.org/@radix-ui/react-primitive/-/react-primitive-2.1.3.tgz 3833ms (cache miss)
343 http fetch GET 200 https://registry.npmjs.org/@radix-ui/react-presence/-/react-presence-1.1.5.tgz 3864ms (cache miss)
344 http fetch GET 200 https://registry.npmjs.org/@radix-ui/react-primitive/-/react-primitive-2.1.3.tgz 3886ms (cache miss)
345 http fetch GET 200 https://registry.npmjs.org/@radix-ui/react-primitive/-/react-primitive-2.1.3.tgz 3883ms (cache miss)
346 http fetch GET 200 https://registry.npmjs.org/@radix-ui/react-primitive/-/react-primitive-2.1.3.tgz 3887ms (cache miss)
347 http fetch GET 200 https://registry.npmjs.org/@socket.io/component-emitter/-/component-emitter-3.1.2.tgz 3965ms (cache miss)
348 http fetch GET 200 https://registry.npmjs.org/ws/-/ws-8.18.3.tgz 4003ms (cache miss)
349 http fetch GET 200 https://registry.npmjs.org/cmdk/-/cmdk-1.1.1.tgz 3978ms (cache miss)
350 http fetch GET 200 https://registry.npmjs.org/socket.io-parser/-/socket.io-parser-4.2.6.tgz 4513ms (cache miss)
351 http fetch GET 200 https://registry.npmjs.org/react-style-singleton/-/react-style-singleton-2.2.3.tgz 4680ms (cache miss)
352 http fetch GET 200 https://registry.npmjs.org/react-remove-scroll-bar/-/react-remove-scroll-bar-2.3.8.tgz 4682ms (cache miss)
353 http fetch GET 200 https://registry.npmjs.org/engine.io-parser/-/engine.io-parser-5.2.3.tgz 5064ms (cache miss)
354 http fetch GET 200 https://registry.npmjs.org/@tanstack/react-table/-/react-table-8.21.3.tgz 5071ms (cache miss)
355 http fetch GET 200 https://registry.npmjs.org/use-sidecar/-/use-sidecar-1.1.3.tgz 6062ms (cache miss)
356 http fetch GET 200 https://registry.npmjs.org/use-callback-ref/-/use-callback-ref-1.3.3.tgz 6394ms (cache miss)
357 http fetch GET 200 https://registry.npmjs.org/react-remove-scroll/-/react-remove-scroll-2.7.2.tgz 6450ms (cache miss)
358 http fetch GET 200 https://registry.npmjs.org/socket.io-client/-/socket.io-client-4.8.3.tgz 6657ms (cache miss)
359 http fetch GET 200 https://registry.npmjs.org/engine.io-client/-/engine.io-client-6.6.4.tgz 8683ms (cache miss)
360 http fetch GET 200 https://registry.npmjs.org/@tanstack/table-core/-/table-core-8.21.3.tgz 9731ms (cache miss)
361 http fetch GET 200 https://registry.npmjs.org/@hookform/resolvers/-/resolvers-5.2.2.tgz 11107ms (cache miss)
362 http fetch GET 200 https://registry.npmjs.org/lucide-react/-/lucide-react-1.7.0.tgz 24562ms (cache miss)
363 silly ADD node_modules/detect-node-es
364 silly ADD node_modules/xmlhttprequest-ssl
365 silly ADD node_modules/ws
366 silly ADD node_modules/engine.io-parser
367 silly ADD node_modules/socket.io-parser
368 silly ADD node_modules/engine.io-client
369 silly ADD node_modules/@socket.io/component-emitter
370 silly ADD node_modules/get-nonce
371 silly ADD node_modules/use-sidecar
372 silly ADD node_modules/use-callback-ref
373 silly ADD node_modules/react-style-singleton
374 silly ADD node_modules/react-remove-scroll-bar
375 silly ADD node_modules/@radix-ui/react-use-effect-event
376 silly ADD node_modules/@radix-ui/react-use-layout-effect
377 silly ADD node_modules/@radix-ui/react-use-escape-keydown
378 silly ADD node_modules/@radix-ui/react-use-callback-ref
379 silly ADD node_modules/react-remove-scroll
380 silly ADD node_modules/aria-hidden
381 silly ADD node_modules/@radix-ui/react-use-controllable-state
382 silly ADD node_modules/@radix-ui/react-slot
383 silly ADD node_modules/@radix-ui/react-presence
384 silly ADD node_modules/@radix-ui/react-portal
385 silly ADD node_modules/@radix-ui/react-portal/node_modules/@radix-ui/react-primitive
386 silly ADD node_modules/@radix-ui/react-focus-scope
387 silly ADD node_modules/@radix-ui/react-focus-scope/node_modules/@radix-ui/react-primitive
388 silly ADD node_modules/@radix-ui/react-focus-guards
389 silly ADD node_modules/@radix-ui/react-dismissable-layer
390 silly ADD node_modules/@radix-ui/react-dismissable-layer/node_modules/@radix-ui/react-primitive
391 silly ADD node_modules/@radix-ui/react-context
392 silly ADD node_modules/@radix-ui/primitive
393 silly ADD node_modules/@radix-ui/react-primitive
394 silly ADD node_modules/@radix-ui/react-primitive/node_modules/@radix-ui/react-slot
395 silly ADD node_modules/@radix-ui/react-id
396 silly ADD node_modules/@radix-ui/react-dialog
397 silly ADD node_modules/@radix-ui/react-dialog/node_modules/@radix-ui/react-primitive
398 silly ADD node_modules/@radix-ui/react-compose-refs
399 silly ADD node_modules/@tanstack/table-core
400 silly ADD node_modules/socket.io-client
401 silly ADD node_modules/lucide-react
402 silly ADD node_modules/cmdk
403 silly ADD node_modules/@tanstack/react-table
404 silly ADD node_modules/@hookform/resolvers
405 verbose cwd D:\mern-intern-tasks\MERN II\module8+9
406 verbose os Windows_NT 10.0.19045
407 verbose node v24.12.0
408 verbose npm  v11.12.1
409 verbose exit 0
410 info ok
