0 verbose cli D:\Program Files\nodejs\node.exe C:\Users\T470s\AppData\Roaming\npm\node_modules\npm\bin\npm-cli.js
1 info using npm@11.12.1
2 info using node@v24.12.0
3 silly config load:file:C:\Users\T470s\AppData\Roaming\npm\node_modules\npm\npmrc
4 silly config load:file:D:\mern-intern-tasks\MERN II\module8+9\.npmrc
5 silly config load:file:C:\Users\T470s\.npmrc
6 silly config load:file:C:\Users\T470s\AppData\Roaming\npm\etc\npmrc
7 verbose title npm install recharts @tanstack/react-table socket.io-client cmdk framer-motion zod @hookform/resolvers
8 verbose argv "install" "recharts" "@tanstack/react-table" "socket.io-client" "cmdk" "framer-motion" "zod" "@hookform/resolvers"
9 verbose logfile logs-max:10 dir:D:\mern-intern-tasks\MERN II\module8+9\npm-cache\_logs\2026-04-05T08_34_22_401Z-
10 verbose logfile D:\mern-intern-tasks\MERN II\module8+9\npm-cache\_logs\2026-04-05T08_34_22_401Z-debug-0.log
11 silly logfile start cleaning logs, removing 1 files
12 silly packumentCache heap:2348810240 maxSize:587202560 maxEntrySize:293601280
13 silly logfile done cleaning log files
14 silly idealTree buildDeps
15 silly fetch manifest framer-motion@^12.38.0
16 silly packumentCache full:https://registry.npmjs.org/framer-motion cache-miss
17 http fetch GET 200 https://registry.npmjs.org/framer-motion 598ms (cache revalidated)
18 silly packumentCache full:https://registry.npmjs.org/framer-motion set size:10001580 disposed:false
19 silly fetch manifest @emotion/is-prop-valid@*
20 silly packumentCache full:https://registry.npmjs.org/@emotion%2fis-prop-valid cache-miss
21 http fetch GET 200 https://registry.npmjs.org/@emotion%2fis-prop-valid 278ms (cache revalidated)
22 silly packumentCache full:https://registry.npmjs.org/@emotion%2fis-prop-valid set size:96664 disposed:false
23 silly fetch manifest react@19.2.4
24 silly packumentCache full:https://registry.npmjs.org/react cache-miss
25 http fetch GET 200 https://registry.npmjs.org/react 90ms (cache revalidated)
26 silly packumentCache full:https://registry.npmjs.org/react set size:6585005 disposed:false
27 silly fetch manifest react-dom@19.2.4
28 silly packumentCache full:https://registry.npmjs.org/react-dom cache-miss
29 http fetch GET 200 https://registry.npmjs.org/react-dom 81ms (cache revalidated)
30 silly packumentCache full:https://registry.npmjs.org/react-dom set size:8756153 disposed:false
31 silly fetch manifest recharts@^3.8.1
32 silly packumentCache full:https://registry.npmjs.org/recharts cache-miss
33 http fetch GET 200 https://registry.npmjs.org/recharts 60ms (cache revalidated)
34 silly packumentCache full:https://registry.npmjs.org/recharts set size:1343613 disposed:false
35 silly fetch manifest react-is@^16.8.0 || ^17.0.0 || ^18.0.0 || ^19.0.0
36 silly packumentCache full:https://registry.npmjs.org/react-is cache-miss
37 http fetch GET 200 https://registry.npmjs.org/react-is 566ms (cache miss)
38 silly packumentCache full:https://registry.npmjs.org/react-is set size:undefined disposed:false
39 silly fetch manifest zod@^4.3.6
40 silly packumentCache full:https://registry.npmjs.org/zod cache-miss
41 http fetch GET 200 https://registry.npmjs.org/zod 97ms (cache revalidated)
42 silly packumentCache full:https://registry.npmjs.org/zod set size:3489329 disposed:false
43 silly fetch manifest @tanstack/react-table@*
44 silly packumentCache full:https://registry.npmjs.org/@tanstack%2freact-table cache-miss
45 http fetch GET 200 https://registry.npmjs.org/@tanstack%2freact-table 896ms (cache miss)
46 silly packumentCache full:https://registry.npmjs.org/@tanstack%2freact-table set size:undefined disposed:false
47 silly fetch manifest socket.io-client@*
48 silly packumentCache full:https://registry.npmjs.org/socket.io-client cache-miss
49 http fetch GET 200 https://registry.npmjs.org/socket.io-client 858ms (cache miss)
50 silly packumentCache full:https://registry.npmjs.org/socket.io-client set size:undefined disposed:false
51 silly fetch manifest cmdk@*
52 silly packumentCache full:https://registry.npmjs.org/cmdk cache-miss
53 http fetch GET 200 https://registry.npmjs.org/cmdk 331ms (cache miss)
54 silly packumentCache full:https://registry.npmjs.org/cmdk set size:undefined disposed:false
55 silly fetch manifest @hookform/resolvers@*
56 silly packumentCache full:https://registry.npmjs.org/@hookform%2fresolvers cache-miss
57 http fetch GET 200 https://registry.npmjs.org/@hookform%2fresolvers 790ms (cache miss)
58 silly packumentCache full:https://registry.npmjs.org/@hookform%2fresolvers set size:undefined disposed:false
59 silly fetch manifest react-hook-form@^7.55.0
60 silly packumentCache full:https://registry.npmjs.org/react-hook-form cache-miss
61 http fetch GET 200 https://registry.npmjs.org/react-hook-form 565ms (cache miss)
62 silly packumentCache full:https://registry.npmjs.org/react-hook-form set size:undefined disposed:false
63 silly placeDep ROOT @hookform/resolvers@5.2.2 OK for: module8@0.1.0 want: *
64 silly placeDep ROOT react-hook-form@7.72.1 OK for: @hookform/resolvers@5.2.2 want: ^7.55.0
65 silly placeDep ROOT @tanstack/react-table@8.21.3 OK for: module8@0.1.0 want: *
66 silly placeDep ROOT cmdk@1.1.1 OK for: module8@0.1.0 want: *
67 silly placeDep ROOT framer-motion@12.38.0 REPLACE for: module8@0.1.0 want: ^12.38.0
68 silly placeDep ROOT recharts@3.8.1 REPLACE for: module8@0.1.0 want: ^3.8.1
69 silly placeDep ROOT socket.io-client@4.8.3 OK for: module8@0.1.0 want: *
70 silly placeDep ROOT zod@4.3.6 REPLACE for: module8@0.1.0 want: ^4.3.6
71 silly fetch manifest @tanstack/table-core@8.21.3
72 silly packumentCache full:https://registry.npmjs.org/@tanstack%2ftable-core cache-miss
73 silly fetch manifest @radix-ui/react-id@^1.1.0
74 silly packumentCache full:https://registry.npmjs.org/@radix-ui%2freact-id cache-miss
75 silly fetch manifest @radix-ui/react-dialog@^1.1.6
76 silly packumentCache full:https://registry.npmjs.org/@radix-ui%2freact-dialog cache-miss
77 http fetch GET 200 https://registry.npmjs.org/@radix-ui%2freact-id 391ms (cache miss)
78 silly packumentCache full:https://registry.npmjs.org/@radix-ui%2freact-id set size:undefined disposed:false
79 silly fetch manifest @radix-ui/react-primitive@^2.0.2
80 silly packumentCache full:https://registry.npmjs.org/@radix-ui%2freact-primitive cache-miss
81 http fetch GET 200 https://registry.npmjs.org/@radix-ui%2freact-dialog 497ms (cache miss)
82 silly packumentCache full:https://registry.npmjs.org/@radix-ui%2freact-dialog set size:undefined disposed:false
83 silly fetch manifest @radix-ui/react-compose-refs@^1.1.1
84 silly packumentCache full:https://registry.npmjs.org/@radix-ui%2freact-compose-refs cache-miss
85 http fetch GET 200 https://registry.npmjs.org/@radix-ui%2freact-primitive 120ms (cache miss)
86 silly packumentCache full:https://registry.npmjs.org/@radix-ui%2freact-primitive set size:undefined disposed:false
87 silly fetch manifest @socket.io/component-emitter@~3.1.0
88 silly packumentCache full:https://registry.npmjs.org/@socket.io%2fcomponent-emitter cache-miss
89 http fetch GET 200 https://registry.npmjs.org/@radix-ui%2freact-compose-refs 233ms (cache miss)
90 silly packumentCache full:https://registry.npmjs.org/@radix-ui%2freact-compose-refs set size:undefined disposed:false
91 silly fetch manifest engine.io-client@~6.6.1
92 silly packumentCache full:https://registry.npmjs.org/engine.io-client cache-miss
93 http fetch GET 200 https://registry.npmjs.org/@tanstack%2ftable-core 881ms (cache miss)
94 silly packumentCache full:https://registry.npmjs.org/@tanstack%2ftable-core set size:undefined disposed:false
95 silly fetch manifest socket.io-parser@~4.2.4
96 silly packumentCache full:https://registry.npmjs.org/socket.io-parser cache-miss
97 http fetch GET 200 https://registry.npmjs.org/@socket.io%2fcomponent-emitter 751ms (cache miss)
98 silly packumentCache full:https://registry.npmjs.org/@socket.io%2fcomponent-emitter set size:undefined disposed:false
99 http fetch GET 200 https://registry.npmjs.org/engine.io-client 880ms (cache miss)
100 silly packumentCache full:https://registry.npmjs.org/engine.io-client set size:undefined disposed:false
101 http fetch GET 200 https://registry.npmjs.org/socket.io-parser 868ms (cache miss)
102 silly packumentCache full:https://registry.npmjs.org/socket.io-parser set size:undefined disposed:false
103 silly placeDep ROOT @tanstack/table-core@8.21.3 OK for: @tanstack/react-table@8.21.3 want: 8.21.3
104 silly fetch manifest @types/react@*
105 silly packumentCache full:https://registry.npmjs.org/@types%2freact cache-miss
106 http fetch GET 200 https://registry.npmjs.org/@types%2freact 185ms (cache miss)
107 silly packumentCache full:https://registry.npmjs.org/@types%2freact set size:undefined disposed:false
108 silly fetch manifest react@^18 || ^19 || ^19.0.0-rc
109 silly packumentCache full:https://registry.npmjs.org/react cache-miss
110 http cache https://registry.npmjs.org/react 24ms (cache hit)
111 silly packumentCache full:https://registry.npmjs.org/react set size:6585005 disposed:false
112 silly fetch manifest @types/react-dom@*
113 silly packumentCache full:https://registry.npmjs.org/@types%2freact-dom cache-miss
114 http fetch GET 200 https://registry.npmjs.org/@types%2freact-dom 917ms (cache miss)
115 silly packumentCache full:https://registry.npmjs.org/@types%2freact-dom set size:undefined disposed:false
116 silly fetch manifest react-dom@^18 || ^19 || ^19.0.0-rc
117 silly packumentCache full:https://registry.npmjs.org/react-dom cache-miss
118 http cache https://registry.npmjs.org/react-dom 25ms (cache hit)
119 silly packumentCache full:https://registry.npmjs.org/react-dom set size:8756153 disposed:false
120 silly placeDep ROOT @radix-ui/react-compose-refs@1.1.2 OK for: cmdk@1.1.1 want: ^1.1.1
121 silly placeDep ROOT @radix-ui/react-dialog@1.1.15 OK for: cmdk@1.1.1 want: ^1.1.6
122 silly placeDep ROOT @radix-ui/react-id@1.1.1 OK for: cmdk@1.1.1 want: ^1.1.0
123 silly placeDep ROOT @radix-ui/react-primitive@2.1.4 OK for: cmdk@1.1.1 want: ^2.0.2
124 silly fetch manifest aria-hidden@^1.2.4
125 silly packumentCache full:https://registry.npmjs.org/aria-hidden cache-miss
126 silly fetch manifest @radix-ui/react-id@1.1.1
127 silly packumentCache full:https://registry.npmjs.org/@radix-ui%2freact-id cache-miss
128 silly fetch manifest @radix-ui/primitive@1.1.3
129 silly packumentCache full:https://registry.npmjs.org/@radix-ui%2fprimitive cache-miss
130 http cache https://registry.npmjs.org/@radix-ui%2freact-id 10ms (cache hit)
131 silly packumentCache full:https://registry.npmjs.org/@radix-ui%2freact-id set size:325405 disposed:false
132 silly fetch manifest react-remove-scroll@^2.6.3
133 silly packumentCache full:https://registry.npmjs.org/react-remove-scroll cache-miss
134 http fetch GET 200 https://registry.npmjs.org/aria-hidden 56ms (cache miss)
135 silly packumentCache full:https://registry.npmjs.org/aria-hidden set size:undefined disposed:false
136 silly fetch manifest @radix-ui/react-slot@1.2.3
137 silly packumentCache full:https://registry.npmjs.org/@radix-ui%2freact-slot cache-miss
138 http fetch GET 200 https://registry.npmjs.org/react-remove-scroll 70ms (cache miss)
139 silly packumentCache full:https://registry.npmjs.org/react-remove-scroll set size:undefined disposed:false
140 silly fetch manifest @radix-ui/react-portal@1.1.9
141 silly packumentCache full:https://registry.npmjs.org/@radix-ui%2freact-portal cache-miss
142 http fetch GET 200 https://registry.npmjs.org/@radix-ui%2fprimitive 87ms (cache miss)
143 silly packumentCache full:https://registry.npmjs.org/@radix-ui%2fprimitive set size:undefined disposed:false
144 silly fetch manifest @radix-ui/react-context@1.1.2
145 silly packumentCache full:https://registry.npmjs.org/@radix-ui%2freact-context cache-miss
146 http fetch GET 200 https://registry.npmjs.org/@radix-ui%2freact-portal 108ms (cache miss)
147 silly packumentCache full:https://registry.npmjs.org/@radix-ui%2freact-portal set size:undefined disposed:false
148 silly fetch manifest @radix-ui/react-presence@1.1.5
149 silly packumentCache full:https://registry.npmjs.org/@radix-ui%2freact-presence cache-miss
150 http fetch GET 200 https://registry.npmjs.org/@radix-ui%2freact-slot 276ms (cache miss)
151 silly packumentCache full:https://registry.npmjs.org/@radix-ui%2freact-slot set size:undefined disposed:false
152 silly fetch manifest @radix-ui/react-primitive@2.1.3
153 silly packumentCache full:https://registry.npmjs.org/@radix-ui%2freact-primitive cache-miss
154 http cache https://registry.npmjs.org/@radix-ui%2freact-primitive 8ms (cache hit)
155 silly packumentCache full:https://registry.npmjs.org/@radix-ui%2freact-primitive set size:595809 disposed:false
156 silly fetch manifest @radix-ui/react-focus-scope@1.1.7
157 silly packumentCache full:https://registry.npmjs.org/@radix-ui%2freact-focus-scope cache-miss
158 http fetch GET 200 https://registry.npmjs.org/@radix-ui%2freact-presence 223ms (cache miss)
159 silly packumentCache full:https://registry.npmjs.org/@radix-ui%2freact-presence set size:undefined disposed:false
160 silly fetch manifest @radix-ui/react-focus-guards@1.1.3
161 silly packumentCache full:https://registry.npmjs.org/@radix-ui%2freact-focus-guards cache-miss
162 http fetch GET 200 https://registry.npmjs.org/@radix-ui%2freact-context 400ms (cache miss)
163 silly packumentCache full:https://registry.npmjs.org/@radix-ui%2freact-context set size:undefined disposed:false
164 silly fetch manifest @radix-ui/react-dismissable-layer@1.1.11
165 silly packumentCache full:https://registry.npmjs.org/@radix-ui%2freact-dismissable-layer cache-miss
166 http fetch GET 200 https://registry.npmjs.org/@radix-ui%2freact-focus-guards 115ms (cache miss)
167 silly packumentCache full:https://registry.npmjs.org/@radix-ui%2freact-focus-guards set size:undefined disposed:false
168 silly fetch manifest @radix-ui/react-use-controllable-state@1.2.2
169 silly packumentCache full:https://registry.npmjs.org/@radix-ui%2freact-use-controllable-state cache-miss
170 http fetch GET 200 https://registry.npmjs.org/@radix-ui%2freact-dismissable-layer 149ms (cache miss)
171 silly packumentCache full:https://registry.npmjs.org/@radix-ui%2freact-dismissable-layer set size:undefined disposed:false
172 silly fetch manifest @radix-ui/react-use-layout-effect@1.1.1
173 silly packumentCache full:https://registry.npmjs.org/@radix-ui%2freact-use-layout-effect cache-miss
174 http fetch GET 200 https://registry.npmjs.org/@radix-ui%2freact-focus-scope 307ms (cache miss)
175 silly packumentCache full:https://registry.npmjs.org/@radix-ui%2freact-focus-scope set size:undefined disposed:false
176 silly fetch manifest @radix-ui/react-slot@1.2.4
177 silly packumentCache full:https://registry.npmjs.org/@radix-ui%2freact-slot cache-miss
178 http cache https://registry.npmjs.org/@radix-ui%2freact-slot 6ms (cache hit)
179 silly packumentCache full:https://registry.npmjs.org/@radix-ui%2freact-slot set size:387271 disposed:false
180 http fetch GET 200 https://registry.npmjs.org/@radix-ui%2freact-use-controllable-state 556ms (cache miss)
181 silly packumentCache full:https://registry.npmjs.org/@radix-ui%2freact-use-controllable-state set size:undefined disposed:false
182 http fetch GET 200 https://registry.npmjs.org/@radix-ui%2freact-use-layout-effect 605ms (cache miss)
183 silly packumentCache full:https://registry.npmjs.org/@radix-ui%2freact-use-layout-effect set size:undefined disposed:false
184 silly fetch manifest react@^16.8 || ^17.0 || ^18.0 || ^19.0 || ^19.0.0-rc
185 silly packumentCache full:https://registry.npmjs.org/react cache-miss
186 http cache https://registry.npmjs.org/react 21ms (cache hit)
187 silly packumentCache full:https://registry.npmjs.org/react set size:6585005 disposed:false
188 silly fetch manifest react-dom@^16.8 || ^17.0 || ^18.0 || ^19.0 || ^19.0.0-rc
189 silly packumentCache full:https://registry.npmjs.org/react-dom cache-miss
190 http cache https://registry.npmjs.org/react-dom 29ms (cache hit)
191 silly packumentCache full:https://registry.npmjs.org/react-dom set size:8756153 disposed:false
192 silly placeDep ROOT @radix-ui/primitive@1.1.3 OK for: @radix-ui/react-dialog@1.1.15 want: 1.1.3
193 silly placeDep ROOT @radix-ui/react-context@1.1.2 OK for: @radix-ui/react-dialog@1.1.15 want: 1.1.2
194 silly placeDep ROOT @radix-ui/react-dismissable-layer@1.1.11 OK for: @radix-ui/react-dialog@1.1.15 want: 1.1.11
195 silly placeDep ROOT @radix-ui/react-focus-guards@1.1.3 OK for: @radix-ui/react-dialog@1.1.15 want: 1.1.3
196 silly placeDep ROOT @radix-ui/react-focus-scope@1.1.7 OK for: @radix-ui/react-dialog@1.1.15 want: 1.1.7
197 silly placeDep ROOT @radix-ui/react-portal@1.1.9 OK for: @radix-ui/react-dialog@1.1.15 want: 1.1.9
198 silly placeDep ROOT @radix-ui/react-presence@1.1.5 OK for: @radix-ui/react-dialog@1.1.15 want: 1.1.5
199 silly placeDep node_modules/@radix-ui/react-dialog @radix-ui/react-primitive@2.1.3 OK for: @radix-ui/react-dialog@1.1.15 want: 2.1.3
200 silly placeDep ROOT @radix-ui/react-slot@1.2.3 OK for: @radix-ui/react-dialog@1.1.15 want: 1.2.3
201 silly placeDep ROOT @radix-ui/react-use-controllable-state@1.2.2 OK for: @radix-ui/react-dialog@1.1.15 want: 1.2.2
202 silly placeDep ROOT aria-hidden@1.2.6 OK for: @radix-ui/react-dialog@1.1.15 want: ^1.2.4
203 silly placeDep ROOT react-remove-scroll@2.7.2 OK for: @radix-ui/react-dialog@1.1.15 want: ^2.6.3
204 silly fetch manifest @radix-ui/react-use-callback-ref@1.1.1
205 silly packumentCache full:https://registry.npmjs.org/@radix-ui%2freact-use-callback-ref cache-miss
206 silly fetch manifest @radix-ui/react-use-escape-keydown@1.1.1
207 silly packumentCache full:https://registry.npmjs.org/@radix-ui%2freact-use-escape-keydown cache-miss
208 silly fetch manifest @radix-ui/react-use-callback-ref@1.1.1
209 silly packumentCache full:https://registry.npmjs.org/@radix-ui%2freact-use-callback-ref cache-miss
210 http fetch GET 200 https://registry.npmjs.org/@radix-ui%2freact-use-escape-keydown 250ms (cache miss)
211 silly packumentCache full:https://registry.npmjs.org/@radix-ui%2freact-use-escape-keydown set size:undefined disposed:false
212 silly fetch manifest @radix-ui/react-use-effect-event@0.0.2
213 silly packumentCache full:https://registry.npmjs.org/@radix-ui%2freact-use-effect-event cache-miss
214 http fetch GET 200 https://registry.npmjs.org/@radix-ui%2freact-use-callback-ref 352ms (cache miss)
215 silly packumentCache full:https://registry.npmjs.org/@radix-ui%2freact-use-callback-ref set size:undefined disposed:false
216 silly fetch manifest react-remove-scroll-bar@^2.3.7
217 silly packumentCache full:https://registry.npmjs.org/react-remove-scroll-bar cache-miss
218 http fetch GET 200 https://registry.npmjs.org/@radix-ui%2freact-use-callback-ref 359ms (cache miss)
219 silly packumentCache full:https://registry.npmjs.org/@radix-ui%2freact-use-callback-ref set size:undefined disposed:false
220 silly fetch manifest react-style-singleton@^2.2.3
221 silly packumentCache full:https://registry.npmjs.org/react-style-singleton cache-miss
222 http fetch GET 200 https://registry.npmjs.org/react-remove-scroll-bar 59ms (cache miss)
223 silly packumentCache full:https://registry.npmjs.org/react-remove-scroll-bar set size:undefined disposed:false
224 silly fetch manifest use-callback-ref@^1.3.3
225 silly packumentCache full:https://registry.npmjs.org/use-callback-ref cache-miss
226 http fetch GET 200 https://registry.npmjs.org/react-style-singleton 60ms (cache miss)
227 silly packumentCache full:https://registry.npmjs.org/react-style-singleton set size:undefined disposed:false
228 silly fetch manifest use-sidecar@^1.1.3
229 silly packumentCache full:https://registry.npmjs.org/use-sidecar cache-miss
230 http fetch GET 200 https://registry.npmjs.org/use-sidecar 65ms (cache miss)
231 silly packumentCache full:https://registry.npmjs.org/use-sidecar set size:undefined disposed:false
232 http fetch GET 200 https://registry.npmjs.org/use-callback-ref 73ms (cache miss)
233 silly packumentCache full:https://registry.npmjs.org/use-callback-ref set size:undefined disposed:false
234 http fetch GET 200 https://registry.npmjs.org/@radix-ui%2freact-use-effect-event 285ms (cache miss)
235 silly packumentCache full:https://registry.npmjs.org/@radix-ui%2freact-use-effect-event set size:undefined disposed:false
236 silly placeDep node_modules/@radix-ui/react-dismissable-layer @radix-ui/react-primitive@2.1.3 OK for: @radix-ui/react-dismissable-layer@1.1.11 want: 2.1.3
237 silly placeDep ROOT @radix-ui/react-use-callback-ref@1.1.1 OK for: @radix-ui/react-dismissable-layer@1.1.11 want: 1.1.1
238 silly placeDep ROOT @radix-ui/react-use-escape-keydown@1.1.1 OK for: @radix-ui/react-dismissable-layer@1.1.11 want: 1.1.1
239 silly placeDep node_modules/@radix-ui/react-focus-scope @radix-ui/react-primitive@2.1.3 OK for: @radix-ui/react-focus-scope@1.1.7 want: 2.1.3
240 silly placeDep ROOT @radix-ui/react-use-layout-effect@1.1.1 OK for: @radix-ui/react-id@1.1.1 want: 1.1.1
241 silly placeDep node_modules/@radix-ui/react-portal @radix-ui/react-primitive@2.1.3 OK for: @radix-ui/react-portal@1.1.9 want: 2.1.3
242 silly placeDep node_modules/@radix-ui/react-primitive @radix-ui/react-slot@1.2.4 OK for: @radix-ui/react-primitive@2.1.4 want: 1.2.4
243 silly placeDep ROOT @radix-ui/react-use-effect-event@0.0.2 OK for: @radix-ui/react-use-controllable-state@1.2.2 want: 0.0.2
244 silly fetch manifest tailwindcss@^3.4.0
245 silly packumentCache full:https://registry.npmjs.org/tailwindcss cache-miss
246 http fetch GET 200 https://registry.npmjs.org/tailwindcss 81ms (cache revalidated)
247 silly packumentCache full:https://registry.npmjs.org/tailwindcss set size:10327657 disposed:false
248 verbose stack Error: could not resolve
248 verbose stack     at PlaceDep.failPeerConflict (C:\Users\T470s\AppData\Roaming\npm\node_modules\npm\node_modules\@npmcli\arborist\lib\place-dep.js:503:25)
248 verbose stack     at new PlaceDep (C:\Users\T470s\AppData\Roaming\npm\node_modules\npm\node_modules\@npmcli\arborist\lib\place-dep.js:157:21)
248 verbose stack     at #buildDepStep (C:\Users\T470s\AppData\Roaming\npm\node_modules\npm\node_modules\@npmcli\arborist\lib\arborist\build-ideal-tree.js:933:18)
248 verbose stack     at async Arborist.buildIdealTree (C:\Users\T470s\AppData\Roaming\npm\node_modules\npm\node_modules\@npmcli\arborist\lib\arborist\build-ideal-tree.js:170:7)
248 verbose stack     at async Promise.all (index 1)
248 verbose stack     at async Arborist.reify (C:\Users\T470s\AppData\Roaming\npm\node_modules\npm\node_modules\@npmcli\arborist\lib\arborist\reify.js:111:5)
248 verbose stack     at async Install.exec (C:\Users\T470s\AppData\Roaming\npm\node_modules\npm\lib\commands\install.js:146:5)
248 verbose stack     at async Npm.exec (C:\Users\T470s\AppData\Roaming\npm\node_modules\npm\lib\npm.js:193:9)
248 verbose stack     at async module.exports (C:\Users\T470s\AppData\Roaming\npm\node_modules\npm\lib\cli\entry.js:67:5)
249 error code ERESOLVE
250 error ERESOLVE could not resolve
251 error
252 error While resolving: eslint-plugin-tailwindcss@3.18.2
252 error Found: tailwindcss@4.2.2[2m[22m
252 error [2mnode_modules/tailwindcss[22m
252 error   tailwindcss@"4.2.2" from @tailwindcss/node@4.2.2[2m[22m
252 error   [2mnode_modules/@tailwindcss/node[22m
252 error     @tailwindcss/node@"4.2.2" from @tailwindcss/postcss@4.2.2[2m[22m
252 error     [2mnode_modules/@tailwindcss/postcss[22m
252 error       [34mdev[39m @tailwindcss/postcss@"^4" from the root project
252 error   tailwindcss@"4.2.2" from @tailwindcss/postcss@4.2.2[2m[22m
252 error   [2mnode_modules/@tailwindcss/postcss[22m
252 error     [34mdev[39m @tailwindcss/postcss@"^4" from the root project
252 error   1 more (the root project)
252 error
252 error Could not resolve dependency:
252 error [95mpeer[39m tailwindcss@"^3.4.0" from eslint-plugin-tailwindcss@3.18.2[2m[22m
252 error [2mnode_modules/eslint-plugin-tailwindcss[22m
252 error   [34mdev[39m eslint-plugin-tailwindcss@"^3.18.2" from the root project
252 error
252 error Conflicting peer dependency: tailwindcss@3.4.19[2m[22m
252 error [2mnode_modules/tailwindcss[22m
252 error   [95mpeer[39m tailwindcss@"^3.4.0" from eslint-plugin-tailwindcss@3.18.2[2m[22m
252 error   [2mnode_modules/eslint-plugin-tailwindcss[22m
252 error     [34mdev[39m eslint-plugin-tailwindcss@"^3.18.2" from the root project
252 error
252 error Fix the upstream dependency conflict, or retry this command with --force or --legacy-peer-deps to accept an incorrect (and potentially broken) dependency resolution.
253 error
253 error
253 error For a full report see:
253 error D:\mern-intern-tasks\MERN II\module8+9\npm-cache\_logs\2026-04-05T08_34_22_401Z-eresolve-report.txt
254 silly unfinished npm timer reify 1775378063207
255 silly unfinished npm timer reify:loadTrees 1775378063208
256 silly unfinished npm timer idealTree:buildDeps 1775378063524
257 silly unfinished npm timer idealTree:node_modules/eslint-plugin-tailwindcss 1775378074383
258 verbose cwd D:\mern-intern-tasks\MERN II\module8+9
259 verbose os Windows_NT 10.0.19045
260 verbose node v24.12.0
261 verbose npm  v11.12.1
262 verbose exit 1
263 verbose code 1
264 error A complete log of this run can be found in: D:\mern-intern-tasks\MERN II\module8+9\npm-cache\_logs\2026-04-05T08_34_22_401Z-debug-0.log
