0 verbose cli D:\Program Files\nodejs\node.exe C:\Users\T470s\AppData\Roaming\npm\node_modules\npm\bin\npm-cli.js
1 info using npm@11.12.1
2 info using node@v24.12.0
3 silly config load:file:C:\Users\T470s\AppData\Roaming\npm\node_modules\npm\npmrc
4 silly config load:file:d:\mern-intern-tasks\MERN II\Module4 next.js\.npmrc
5 silly config load:file:C:\Users\T470s\.npmrc
6 silly config load:file:C:\Users\T470s\AppData\Roaming\npm\etc\npmrc
7 verbose title npm install
8 verbose argv "install" "--package-lock-only"
9 verbose logfile logs-max:10 dir:D:\mern-intern-tasks\MERN II\Module4 next.js\npm-cache\_logs\2026-04-05T08_18_04_037Z-
10 verbose logfile D:\mern-intern-tasks\MERN II\Module4 next.js\npm-cache\_logs\2026-04-05T08_18_04_037Z-debug-0.log
11 silly logfile done cleaning log files
12 silly packumentCache heap:2348810240 maxSize:587202560 maxEntrySize:293601280
13 silly idealTree buildDeps
14 silly audit bulk request {
14 silly audit   '@alloc/quick-lru': [ '5.2.0' ],
14 silly audit   '@emnapi/runtime': [ '1.9.1' ],
14 silly audit   '@img/colour': [ '1.1.0' ],
14 silly audit   '@img/sharp-darwin-arm64': [ '0.34.5' ],
14 silly audit   '@img/sharp-darwin-x64': [ '0.34.5' ],
14 silly audit   '@img/sharp-libvips-darwin-arm64': [ '1.2.4' ],
14 silly audit   '@img/sharp-libvips-darwin-x64': [ '1.2.4' ],
14 silly audit   '@img/sharp-libvips-linux-arm': [ '1.2.4' ],
14 silly audit   '@img/sharp-libvips-linux-arm64': [ '1.2.4' ],
14 silly audit   '@img/sharp-libvips-linux-ppc64': [ '1.2.4' ],
14 silly audit   '@img/sharp-libvips-linux-riscv64': [ '1.2.4' ],
14 silly audit   '@img/sharp-libvips-linux-s390x': [ '1.2.4' ],
14 silly audit   '@img/sharp-libvips-linux-x64': [ '1.2.4' ],
14 silly audit   '@img/sharp-libvips-linuxmusl-arm64': [ '1.2.4' ],
14 silly audit   '@img/sharp-libvips-linuxmusl-x64': [ '1.2.4' ],
14 silly audit   '@img/sharp-linux-arm': [ '0.34.5' ],
14 silly audit   '@img/sharp-linux-arm64': [ '0.34.5' ],
14 silly audit   '@img/sharp-linux-ppc64': [ '0.34.5' ],
14 silly audit   '@img/sharp-linux-riscv64': [ '0.34.5' ],
14 silly audit   '@img/sharp-linux-s390x': [ '0.34.5' ],
14 silly audit   '@img/sharp-linux-x64': [ '0.34.5' ],
14 silly audit   '@img/sharp-linuxmusl-arm64': [ '0.34.5' ],
14 silly audit   '@img/sharp-linuxmusl-x64': [ '0.34.5' ],
14 silly audit   '@img/sharp-wasm32': [ '0.34.5' ],
14 silly audit   '@img/sharp-win32-arm64': [ '0.34.5' ],
14 silly audit   '@img/sharp-win32-ia32': [ '0.34.5' ],
14 silly audit   '@img/sharp-win32-x64': [ '0.34.5' ],
14 silly audit   '@jridgewell/gen-mapping': [ '0.3.13' ],
14 silly audit   '@jridgewell/resolve-uri': [ '3.1.2' ],
14 silly audit   '@jridgewell/sourcemap-codec': [ '1.5.5' ],
14 silly audit   '@jridgewell/trace-mapping': [ '0.3.31' ],
14 silly audit   '@next/env': [ '16.2.1' ],
14 silly audit   '@next/swc-darwin-arm64': [ '16.2.1' ],
14 silly audit   '@next/swc-darwin-x64': [ '16.2.1' ],
14 silly audit   '@next/swc-linux-arm64-gnu': [ '16.2.1' ],
14 silly audit   '@next/swc-linux-arm64-musl': [ '16.2.1' ],
14 silly audit   '@next/swc-linux-x64-gnu': [ '16.2.1' ],
14 silly audit   '@next/swc-linux-x64-musl': [ '16.2.1' ],
14 silly audit   '@next/swc-win32-arm64-msvc': [ '16.2.1' ],
14 silly audit   '@next/swc-win32-x64-msvc': [ '16.2.1' ],
14 silly audit   '@nodelib/fs.scandir': [ '2.1.5' ],
14 silly audit   '@nodelib/fs.stat': [ '2.0.5' ],
14 silly audit   '@nodelib/fs.walk': [ '1.2.8' ],
14 silly audit   '@swc/helpers': [ '0.5.15' ],
14 silly audit   '@types/node': [ '25.5.0' ],
14 silly audit   '@types/react': [ '19.2.14' ],
14 silly audit   'any-promise': [ '1.3.0' ],
14 silly audit   anymatch: [ '3.1.3' ],
14 silly audit   arg: [ '5.0.2' ],
14 silly audit   autoprefixer: [ '10.4.27' ],
14 silly audit   'baseline-browser-mapping': [ '2.10.12' ],
14 silly audit   'binary-extensions': [ '2.3.0' ],
14 silly audit   braces: [ '3.0.3' ],
14 silly audit   browserslist: [ '4.28.1' ],
14 silly audit   'camelcase-css': [ '2.0.1' ],
14 silly audit   'caniuse-lite': [ '1.0.30001782' ],
14 silly audit   chokidar: [ '3.6.0' ],
14 silly audit   'glob-parent': [ '5.1.2', '6.0.2' ],
14 silly audit   'client-only': [ '0.0.1' ],
14 silly audit   commander: [ '4.1.1' ],
14 silly audit   cssesc: [ '3.0.0' ],
14 silly audit   csstype: [ '3.2.3' ],
14 silly audit   'detect-libc': [ '2.1.2' ],
14 silly audit   didyoumean: [ '1.2.2' ],
14 silly audit   dlv: [ '1.1.3' ],
14 silly audit   'electron-to-chromium': [ '1.5.328' ],
14 silly audit   escalade: [ '3.2.0' ],
14 silly audit   'fast-glob': [ '3.3.3' ],
14 silly audit   fastq: [ '1.20.1' ],
14 silly audit   'fill-range': [ '7.1.1' ],
14 silly audit   'fraction.js': [ '5.3.4' ],
14 silly audit   fsevents: [ '2.3.3' ],
14 silly audit   'function-bind': [ '1.1.2' ],
14 silly audit   hasown: [ '2.0.2' ],
14 silly audit   'is-binary-path': [ '2.1.0' ],
14 silly audit   'is-core-module': [ '2.16.1' ],
14 silly audit   'is-extglob': [ '2.1.1' ],
14 silly audit   'is-glob': [ '4.0.3' ],
14 silly audit   'is-number': [ '7.0.0' ],
14 silly audit   jiti: [ '1.21.7' ],
14 silly audit   'js-tokens': [ '4.0.0' ],
14 silly audit   lilconfig: [ '3.1.3' ],
14 silly audit   'lines-and-columns': [ '1.2.4' ],
14 silly audit   'loose-envify': [ '1.4.0' ],
14 silly audit   merge2: [ '1.4.1' ],
14 silly audit   micromatch: [ '4.0.8' ],
14 silly audit   mz: [ '2.7.0' ],
14 silly audit   nanoid: [ '3.3.11' ],
14 silly audit   next: [ '16.2.1' ],
14 silly audit   postcss: [ '8.4.31', '8.5.8' ],
14 silly audit   'node-releases': [ '2.0.36' ],
14 silly audit   'normalize-path': [ '3.0.0' ],
14 silly audit   'object-assign': [ '4.1.1' ],
14 silly audit   'object-hash': [ '3.0.0' ],
14 silly audit   'path-parse': [ '1.0.7' ],
14 silly audit   picocolors: [ '1.1.1' ],
14 silly audit   picomatch: [ '2.3.2', '4.0.4' ],
14 silly audit   pify: [ '2.3.0' ],
14 silly audit   pirates: [ '4.0.7' ],
14 silly audit   'postcss-import': [ '15.1.0' ],
14 silly audit   'postcss-js': [ '4.1.0' ],
14 silly audit   'postcss-load-config': [ '6.0.1' ],
14 silly audit   'postcss-nested': [ '6.2.0' ],
14 silly audit   'postcss-selector-parser': [ '6.1.2' ],
14 silly audit   'postcss-value-parser': [ '4.2.0' ],
14 silly audit   'queue-microtask': [ '1.2.3' ],
14 silly audit   react: [ '18.3.1' ],
14 silly audit   'react-dom': [ '18.3.1' ],
14 silly audit   'read-cache': [ '1.0.0' ],
14 silly audit   readdirp: [ '3.6.0' ],
14 silly audit   resolve: [ '1.22.11' ],
14 silly audit   reusify: [ '1.1.0' ],
14 silly audit   'run-parallel': [ '1.2.0' ],
14 silly audit   scheduler: [ '0.23.2' ],
14 silly audit   semver: [ '7.7.4' ],
14 silly audit   sharp: [ '0.34.5' ],
14 silly audit   'source-map-js': [ '1.2.1' ],
14 silly audit   'styled-jsx': [ '5.1.6' ],
14 silly audit   sucrase: [ '3.35.1' ],
14 silly audit   'supports-preserve-symlinks-flag': [ '1.0.0' ],
14 silly audit   tailwindcss: [ '3.4.19' ],
14 silly audit   thenify: [ '3.3.1' ],
14 silly audit   'thenify-all': [ '1.6.0' ],
14 silly audit   tinyglobby: [ '0.2.15' ],
14 silly audit   fdir: [ '6.5.0' ],
14 silly audit   'to-regex-range': [ '5.0.1' ],
14 silly audit   'ts-interface-checker': [ '0.1.13' ],
14 silly audit   tslib: [ '2.8.1' ],
14 silly audit   typescript: [ '6.0.2' ],
14 silly audit   'undici-types': [ '7.18.2' ],
14 silly audit   'update-browserslist-db': [ '1.2.3' ],
14 silly audit   'util-deprecate': [ '1.0.2' ]
14 silly audit }
15 http fetch POST 200 https://registry.npmjs.org/-/npm/v1/security/advisories/bulk 510ms
16 silly audit report {}
17 verbose cwd d:\mern-intern-tasks\MERN II\Module4 next.js
18 verbose os Windows_NT 10.0.19045
19 verbose node v24.12.0
20 verbose npm  v11.12.1
21 verbose exit 0
22 info ok
