0 verbose cli D:\Program Files\nodejs\node.exe C:\Users\T470s\AppData\Roaming\npm\node_modules\npm\bin\npm-cli.js
1 info using npm@11.12.1
2 info using node@v24.12.0
3 silly config load:file:C:\Users\T470s\AppData\Roaming\npm\node_modules\npm\npmrc
4 silly config load:file:d:\mern-intern-tasks\MERN II\module7\.npmrc
5 silly config load:file:C:\Users\T470s\.npmrc
6 silly config load:file:C:\Users\T470s\AppData\Roaming\npm\etc\npmrc
7 verbose title npm ls
8 verbose argv "ls" "--depth" "0" "--package-lock-only" "--omit" "dev" "--json"
9 verbose logfile logs-max:10 dir:D:\mern-intern-tasks\MERN II\module7\npm-cache\_logs\2026-04-05T08_18_51_176Z-
10 verbose logfile D:\mern-intern-tasks\MERN II\module7\npm-cache\_logs\2026-04-05T08_18_51_176Z-debug-0.log
11 silly logfile start cleaning logs, removing 1 files
12 silly packumentCache heap:2348810240 maxSize:587202560 maxEntrySize:293601280
13 silly logfile done cleaning log files
14 verbose cwd d:\mern-intern-tasks\MERN II\module7
15 verbose os Windows_NT 10.0.19045
16 verbose node v24.12.0
17 verbose npm  v11.12.1
18 verbose exit 0
19 info ok
